[2022-07-15 19:28:13,696]^;INFO^;224^;_internal.py^;_log()^; * Running on http://127.0.0.1:5000 (Press CTRL+C to quit)
[2022-07-15 19:28:29,618]^;INFO^;224^;_internal.py^;_log()^;127.0.0.1 - - [15/Jul/2022 19:28:29] "GET / HTTP/1.1" 200 -
[2022-07-15 19:28:33,708]^;INFO^;224^;_internal.py^;_log()^;127.0.0.1 - - [15/Jul/2022 19:28:33] "GET /predict HTTP/1.1" 200 -
[2022-07-15 19:28:46,293]^;INFO^;224^;_internal.py^;_log()^;127.0.0.1 - - [15/Jul/2022 19:28:46] "POST /predict HTTP/1.1" 200 -
[2022-07-15 19:28:55,083]^;INFO^;225^;configuration.py^;get_training_pipeline_config()^;Training pipleine config: TrainingPipelineConfig(artifact_dir='/Users/abhisheknagpal/Documents/My_Projects/ml_project/housing/artifact')
[2022-07-15 19:28:55,084]^;INFO^;116^;pipeline.py^;run_pipeline()^;Pipeline starting.
[2022-07-15 19:28:55,089]^;INFO^;132^;pipeline.py^;run_pipeline()^;Pipeline experiment: Experiment(experiment_id='ff93a98b-7893-4612-a2e1-d4aab4e06ed3', initialization_timestamp='2022-07-15-19-28-55', artifact_time_stamp='2022-07-15-19-28-55', running_status=True, start_time=datetime.datetime(2022, 7, 15, 19, 28, 55, 89491), stop_time=None, execution_time=None, message='Pipeline has been started.', experiment_file_path='/Users/abhisheknagpal/Documents/My_Projects/ml_project/housing/artifact/experiment/experiment.csv', accuracy=None, is_model_accepted=None)
[2022-07-15 19:28:55,112]^;INFO^;224^;_internal.py^;_log()^;127.0.0.1 - - [15/Jul/2022 19:28:55] "GET /train HTTP/1.1" 200 -
[2022-07-15 19:28:55,115]^;INFO^;64^;configuration.py^;get_data_ingestion_config()^;Data Ingestion config: DataIngestionConfig(dataset_download_url='https://raw.githubusercontent.com/ageron/handson-ml/master/datasets/housing/housing.tgz', tgz_download_dir='/Users/abhisheknagpal/Documents/My_Projects/ml_project/housing/artifact/data_ingestion/2022-07-15-19-28-55/tgz_data', raw_data_dir='/Users/abhisheknagpal/Documents/My_Projects/ml_project/housing/artifact/data_ingestion/2022-07-15-19-28-55/raw_data', ingested_train_dir='/Users/abhisheknagpal/Documents/My_Projects/ml_project/housing/artifact/data_ingestion/2022-07-15-19-28-55/ingested_data/train', ingested_test_dir='/Users/abhisheknagpal/Documents/My_Projects/ml_project/housing/artifact/data_ingestion/2022-07-15-19-28-55/ingested_data/test')
[2022-07-15 19:28:55,115]^;INFO^;16^;data_ingestion.py^;__init__()^;>>>>>>>>>>>>>>>>>>>>>>>>>>>>>>>>>>>>>>>>Data Ingestion log started.<<<<<<<<<<<<<<<<<<<<<<<<<<<<<<<<<<<<<<<< 
[2022-07-15 19:28:55,116]^;INFO^;37^;data_ingestion.py^;download_housing_data()^;Downloading file from :[https://raw.githubusercontent.com/ageron/handson-ml/master/datasets/housing/housing.tgz] into :[/Users/abhisheknagpal/Documents/My_Projects/ml_project/housing/artifact/data_ingestion/2022-07-15-19-28-55/tgz_data/housing.tgz]
[2022-07-15 19:28:55,787]^;INFO^;39^;data_ingestion.py^;download_housing_data()^;File :[/Users/abhisheknagpal/Documents/My_Projects/ml_project/housing/artifact/data_ingestion/2022-07-15-19-28-55/tgz_data/housing.tgz] has been downloaded successfully.
[2022-07-15 19:28:55,787]^;INFO^;54^;data_ingestion.py^;extract_tgz_file()^;Extracting tgz file: [/Users/abhisheknagpal/Documents/My_Projects/ml_project/housing/artifact/data_ingestion/2022-07-15-19-28-55/tgz_data/housing.tgz] into dir: [/Users/abhisheknagpal/Documents/My_Projects/ml_project/housing/artifact/data_ingestion/2022-07-15-19-28-55/raw_data]
[2022-07-15 19:28:55,798]^;INFO^;57^;data_ingestion.py^;extract_tgz_file()^;Extraction completed
[2022-07-15 19:28:55,798]^;INFO^;71^;data_ingestion.py^;split_data_as_train_test()^;Reading csv file: [/Users/abhisheknagpal/Documents/My_Projects/ml_project/housing/artifact/data_ingestion/2022-07-15-19-28-55/raw_data/housing.csv]
[2022-07-15 19:28:55,821]^;INFO^;81^;data_ingestion.py^;split_data_as_train_test()^;Splitting data into train and test
[2022-07-15 19:28:55,831]^;INFO^;99^;data_ingestion.py^;split_data_as_train_test()^;Exporting training datset to file: [/Users/abhisheknagpal/Documents/My_Projects/ml_project/housing/artifact/data_ingestion/2022-07-15-19-28-55/ingested_data/train/housing.csv]
[2022-07-15 19:28:55,995]^;INFO^;104^;data_ingestion.py^;split_data_as_train_test()^;Exporting test dataset to file: [/Users/abhisheknagpal/Documents/My_Projects/ml_project/housing/artifact/data_ingestion/2022-07-15-19-28-55/ingested_data/test/housing.csv]
[2022-07-15 19:28:56,034]^;INFO^;113^;data_ingestion.py^;split_data_as_train_test()^;Data Ingestion artifact:[DataIngestionArtifact(train_file_path='/Users/abhisheknagpal/Documents/My_Projects/ml_project/housing/artifact/data_ingestion/2022-07-15-19-28-55/ingested_data/train/housing.csv', test_file_path='/Users/abhisheknagpal/Documents/My_Projects/ml_project/housing/artifact/data_ingestion/2022-07-15-19-28-55/ingested_data/test/housing.csv', is_ingested=True, message='Data ingestion completed successfully.')]
[2022-07-15 19:28:56,034]^;INFO^;130^;data_ingestion.py^;__del__()^;>>>>>>>>>>>>>>>>>>>>>>>>>>>>>>>>>>>>>>>>Data Ingestion log completed.<<<<<<<<<<<<<<<<<<<<<<<<<<<<<<<<<<<<<<<< 


[2022-07-15 19:28:56,034]^;INFO^;19^;data_validation.py^;__init__()^;>>>>>>>>>>>>>>>>>>>>>>>>>>>>>>>>>>>>>>>>>>>>>>>>>>>>>>>>>>>>Data Valdaition log started.<<<<<<<<<<<<<<<<<<<<<<<<<<<<<<<<<<<<<<<<<<<<<<<<<<<<<<<<<<<< 


[2022-07-15 19:28:56,034]^;INFO^;37^;data_validation.py^;is_train_test_file_exists()^;Checking if training and test file is available
[2022-07-15 19:28:56,035]^;INFO^;49^;data_validation.py^;is_train_test_file_exists()^;Is train and test file exists?-> True
[2022-07-15 19:28:56,739]^;INFO^;138^;data_validation.py^;initiate_data_validation()^;Data validation artifact: DataValidationArtifact(schema_file_path='/Users/abhisheknagpal/Documents/My_Projects/ml_project/config/schema.yaml', report_file_path='/Users/abhisheknagpal/Documents/My_Projects/ml_project/housing/artifact/data_validation/2022-07-15-19-28-55/report.json', report_page_file_path='/Users/abhisheknagpal/Documents/My_Projects/ml_project/housing/artifact/data_validation/2022-07-15-19-28-55/report.html', is_validated=True, message='Data Validation performed successully.')
[2022-07-15 19:28:56,739]^;INFO^;145^;data_validation.py^;__del__()^;>>>>>>>>>>>>>>>>>>>>>>>>>>>>>>>>>>>>>>>>>>>>>>>>>>>>>>>>>>>>Data Valdaition log completed.<<<<<<<<<<<<<<<<<<<<<<<<<<<<<<<<<<<<<<<<<<<<<<<<<<<<<<<<<<<< 


[2022-07-15 19:28:56,740]^;INFO^;148^;configuration.py^;get_data_transformation_config()^;Data transformation config: DataTransformationConfig(add_bedroom_per_room=True, transformed_train_dir='/Users/abhisheknagpal/Documents/My_Projects/ml_project/housing/artifact/data_transformation/2022-07-15-19-28-55/transformed_data/train', transformed_test_dir='/Users/abhisheknagpal/Documents/My_Projects/ml_project/housing/artifact/data_transformation/2022-07-15-19-28-55/transformed_data/test', preprocessed_object_file_path='/Users/abhisheknagpal/Documents/My_Projects/ml_project/housing/artifact/data_transformation/2022-07-15-19-28-55/preprocessed/preprocessed.pkl')
[2022-07-15 19:28:56,740]^;INFO^;97^;data_transformation.py^;__init__()^;>>>>>>>>>>>>>>>>>>>>>>>>>>>>>>>>>>>>>>>>>>>>>>>>>>>>>>>>>>>>Data Transformation log started.<<<<<<<<<<<<<<<<<<<<<<<<<<<<<<<<<<<<<<<<<<<<<<<<<<<<<<<<<<<< 
[2022-07-15 19:28:56,740]^;INFO^;150^;data_transformation.py^;initiate_data_transformation()^;Obtaining preprocessing object.
[2022-07-15 19:28:56,742]^;INFO^;134^;data_transformation.py^;get_data_transformer_object()^;Categorical columns: ['ocean_proximity']
[2022-07-15 19:28:56,742]^;INFO^;135^;data_transformation.py^;get_data_transformer_object()^;Numerical columns: ['longitude', 'latitude', 'housing_median_age', 'total_rooms', 'total_bedrooms', 'population', 'households', 'median_income']
[2022-07-15 19:28:56,742]^;INFO^;154^;data_transformation.py^;initiate_data_transformation()^;Obtaining training and test file path.
[2022-07-15 19:28:56,742]^;INFO^;161^;data_transformation.py^;initiate_data_transformation()^;Loading training and test data as pandas dataframe.
[2022-07-15 19:28:56,764]^;INFO^;171^;data_transformation.py^;initiate_data_transformation()^;Splitting input and target feature from training and testing dataframe.
[2022-07-15 19:28:56,765]^;INFO^;179^;data_transformation.py^;initiate_data_transformation()^;Applying preprocessing object on training dataframe and testing dataframe
[2022-07-15 19:28:56,793]^;INFO^;197^;data_transformation.py^;initiate_data_transformation()^;Saving transformed training and testing array.
[2022-07-15 19:28:56,798]^;INFO^;204^;data_transformation.py^;initiate_data_transformation()^;Saving preprocessing object.
[2022-07-15 19:28:56,800]^;INFO^;214^;data_transformation.py^;initiate_data_transformation()^;Data transformationa artifact: DataTransformationArtifact(is_transformed=True, message='Data transformation successfull.', transformed_train_file_path='/Users/abhisheknagpal/Documents/My_Projects/ml_project/housing/artifact/data_transformation/2022-07-15-19-28-55/transformed_data/train/housing.npz', transformed_test_file_path='/Users/abhisheknagpal/Documents/My_Projects/ml_project/housing/artifact/data_transformation/2022-07-15-19-28-55/transformed_data/test/housing.npz', preprocessed_object_file_path='/Users/abhisheknagpal/Documents/My_Projects/ml_project/housing/artifact/data_transformation/2022-07-15-19-28-55/preprocessed/preprocessed.pkl')
[2022-07-15 19:28:56,800]^;INFO^;220^;data_transformation.py^;__del__()^;>>>>>>>>>>>>>>>>>>>>>>>>>>>>>>>>>>>>>>>>>>>>>>>>>>>>>>>>>>>>Data Transformation log completed.<<<<<<<<<<<<<<<<<<<<<<<<<<<<<<<<<<<<<<<<<<<<<<<<<<<<<<<<<<<< 


[2022-07-15 19:28:56,800]^;INFO^;179^;configuration.py^;get_model_trainer_config()^;Model trainer config: ModelTrainerConfig(trained_model_file_path='/Users/abhisheknagpal/Documents/My_Projects/ml_project/housing/artifact/model_trainer/2022-07-15-19-28-55/trained_model/model.pkl', base_accuracy=0.6, model_config_file_path='config/model.yaml')
[2022-07-15 19:28:56,800]^;INFO^;45^;model_trainer.py^;__init__()^;>>>>>>>>>>>>>>>>>>>>>>>>>>>>>>>>>>>>>>>>>>>>>>>>>>>>>>>>>>>>Model trainer log started.<<<<<<<<<<<<<<<<<<<<<<<<<<<<<<<<<<<<<<<<<<<<<<<<<<<<<<<<<<<< 
[2022-07-15 19:28:56,800]^;INFO^;53^;model_trainer.py^;initiate_model_trainer()^;Loading transformed training dataset
[2022-07-15 19:28:56,803]^;INFO^;57^;model_trainer.py^;initiate_model_trainer()^;Loading transformed testing dataset
[2022-07-15 19:28:56,803]^;INFO^;61^;model_trainer.py^;initiate_model_trainer()^;Splitting training and testing input and target feature
[2022-07-15 19:28:56,804]^;INFO^;65^;model_trainer.py^;initiate_model_trainer()^;Extracting model config file path
[2022-07-15 19:28:56,804]^;INFO^;68^;model_trainer.py^;initiate_model_trainer()^;Initializing model factory class using above model config file: config/model.yaml
[2022-07-15 19:28:56,806]^;INFO^;73^;model_trainer.py^;initiate_model_trainer()^;Expected accuracy: 0.6
[2022-07-15 19:28:56,806]^;INFO^;75^;model_trainer.py^;initiate_model_trainer()^;Initiating operation model selecttion
[2022-07-15 19:28:56,806]^;INFO^;358^;model_factory.py^;get_best_model()^;Started Initializing model from config file
[2022-07-15 19:28:56,806]^;INFO^;203^;model_factory.py^;class_for_name()^;Executing command: from <module 'sklearn.linear_model' from '/Users/abhisheknagpal/Documents/My_Projects/ml_project/venv/lib/python3.7/site-packages/sklearn/linear_model/__init__.py'> import LinearRegression
[2022-07-15 19:28:56,806]^;INFO^;182^;model_factory.py^;update_property_of_class()^;Executing:$ LinearRegression().fit_intercept=True
[2022-07-15 19:28:56,922]^;INFO^;203^;model_factory.py^;class_for_name()^;Executing command: from <module 'sklearn.ensemble' from '/Users/abhisheknagpal/Documents/My_Projects/ml_project/venv/lib/python3.7/site-packages/sklearn/ensemble/__init__.py'> import RandomForestRegressor
[2022-07-15 19:28:56,922]^;INFO^;182^;model_factory.py^;update_property_of_class()^;Executing:$ RandomForestRegressor().min_samples_leaf=3
[2022-07-15 19:28:56,924]^;INFO^;360^;model_factory.py^;get_best_model()^;Initialized model: [InitializedModelDetail(model_serial_number='module_0', model=LinearRegression(), param_grid_search={'fit_intercept': [True, False]}, model_name='sklearn.linear_model.LinearRegression'), InitializedModelDetail(model_serial_number='module_1', model=RandomForestRegressor(min_samples_leaf=3), param_grid_search={'min_samples_leaf': [6]}, model_name='sklearn.ensemble.RandomForestRegressor')]
[2022-07-15 19:28:56,925]^;INFO^;203^;model_factory.py^;class_for_name()^;Executing command: from <module 'sklearn.model_selection' from '/Users/abhisheknagpal/Documents/My_Projects/ml_project/venv/lib/python3.7/site-packages/sklearn/model_selection/__init__.py'> import GridSearchCV
[2022-07-15 19:28:56,925]^;INFO^;182^;model_factory.py^;update_property_of_class()^;Executing:$ GridSearchCV(estimator=LinearRegression(),
             param_grid={'fit_intercept': [True, False]}).cv=5
[2022-07-15 19:28:56,925]^;INFO^;182^;model_factory.py^;update_property_of_class()^;Executing:$ GridSearchCV(cv=5, estimator=LinearRegression(),
             param_grid={'fit_intercept': [True, False]}).verbose=2
[2022-07-15 19:28:56,925]^;INFO^;236^;model_factory.py^;execute_grid_search_operation()^;>>>>>>>>>>>>>>>>>>>>>>>>>>>>>>>>>>>>>>>>>>>>>>>>>>>>>>>>>>>> f"Training LinearRegression Started." <<<<<<<<<<<<<<<<<<<<<<<<<<<<<<<<<<<<<<<<<<<<<<<<<<<<<<<<<<<<
[2022-07-15 19:28:57,306]^;INFO^;203^;model_factory.py^;class_for_name()^;Executing command: from <module 'sklearn.model_selection' from '/Users/abhisheknagpal/Documents/My_Projects/ml_project/venv/lib/python3.7/site-packages/sklearn/model_selection/__init__.py'> import GridSearchCV
[2022-07-15 19:28:57,307]^;INFO^;182^;model_factory.py^;update_property_of_class()^;Executing:$ GridSearchCV(estimator=RandomForestRegressor(min_samples_leaf=3),
             param_grid={'min_samples_leaf': [6]}).cv=5
[2022-07-15 19:28:57,308]^;INFO^;182^;model_factory.py^;update_property_of_class()^;Executing:$ GridSearchCV(cv=5, estimator=RandomForestRegressor(min_samples_leaf=3),
             param_grid={'min_samples_leaf': [6]}).verbose=2
[2022-07-15 19:28:57,308]^;INFO^;236^;model_factory.py^;execute_grid_search_operation()^;>>>>>>>>>>>>>>>>>>>>>>>>>>>>>>>>>>>>>>>>>>>>>>>>>>>>>>>>>>>> f"Training RandomForestRegressor Started." <<<<<<<<<<<<<<<<<<<<<<<<<<<<<<<<<<<<<<<<<<<<<<<<<<<<<<<<<<<<
[2022-07-15 19:29:24,415]^;INFO^;225^;configuration.py^;get_training_pipeline_config()^;Training pipleine config: TrainingPipelineConfig(artifact_dir='/Users/abhisheknagpal/Documents/My_Projects/ml_project/housing/artifact')
[2022-07-15 19:29:24,424]^;INFO^;224^;_internal.py^;_log()^;127.0.0.1 - - [15/Jul/2022 19:29:24] "GET /train HTTP/1.1" 200 -
[2022-07-15 19:29:36,710]^;INFO^;345^;model_factory.py^;get_best_model_from_grid_searched_best_model_list()^;Acceptable model found:GridSearchedBestModel(model_serial_number='module_0', model=LinearRegression(), best_model=LinearRegression(fit_intercept=False), best_parameters={'fit_intercept': False}, best_score=0.6425567028055793)
[2022-07-15 19:29:36,711]^;INFO^;345^;model_factory.py^;get_best_model_from_grid_searched_best_model_list()^;Acceptable model found:GridSearchedBestModel(model_serial_number='module_1', model=RandomForestRegressor(min_samples_leaf=3), best_model=RandomForestRegressor(min_samples_leaf=6), best_parameters={'min_samples_leaf': 6}, best_score=0.8048774568946582)
[2022-07-15 19:29:36,711]^;INFO^;351^;model_factory.py^;get_best_model_from_grid_searched_best_model_list()^;Best model: GridSearchedBestModel(model_serial_number='module_1', model=RandomForestRegressor(min_samples_leaf=3), best_model=RandomForestRegressor(min_samples_leaf=6), best_parameters={'min_samples_leaf': 6}, best_score=0.8048774568946582)
[2022-07-15 19:29:36,711]^;INFO^;78^;model_trainer.py^;initiate_model_trainer()^;Best model found on training dataset: GridSearchedBestModel(model_serial_number='module_1', model=RandomForestRegressor(min_samples_leaf=3), best_model=RandomForestRegressor(min_samples_leaf=6), best_parameters={'min_samples_leaf': 6}, best_score=0.8048774568946582)
[2022-07-15 19:29:36,711]^;INFO^;80^;model_trainer.py^;initiate_model_trainer()^;Extracting trained model list.
[2022-07-15 19:29:36,711]^;INFO^;84^;model_trainer.py^;initiate_model_trainer()^;Evaluation all trained model on training and testing dataset both
[2022-07-15 19:29:36,712]^;INFO^;71^;model_factory.py^;evaluate_regression_model()^;>>>>>>>>>>>>>>>>>>>>>>>>>>>>>>>>>>>>>>>>>>>>>>>>>>>>>>>>>>>>Started evaluating model: [LinearRegression] <<<<<<<<<<<<<<<<<<<<<<<<<<<<<<<<<<<<<<<<<<<<<<<<<<<<<<<<<<<<
[2022-07-15 19:29:36,714]^;INFO^;90^;model_factory.py^;evaluate_regression_model()^;>>>>>>>>>>>>>>>>>>>>>>>>>>>>>>>>>>>>>>>>>>>>>>>>>>>>>>>>>>>> Score <<<<<<<<<<<<<<<<<<<<<<<<<<<<<<<<<<<<<<<<<<<<<<<<<<<<<<<<<<<<
[2022-07-15 19:29:36,714]^;INFO^;91^;model_factory.py^;evaluate_regression_model()^;Train Score		 Test Score		 Average Score
[2022-07-15 19:29:36,714]^;INFO^;92^;model_factory.py^;evaluate_regression_model()^;0.6481553634454353		 0.656459976479592		0.6522812381877459
[2022-07-15 19:29:36,714]^;INFO^;94^;model_factory.py^;evaluate_regression_model()^;>>>>>>>>>>>>>>>>>>>>>>>>>>>>>>>>>>>>>>>>>>>>>>>>>>>>>>>>>>>> Loss <<<<<<<<<<<<<<<<<<<<<<<<<<<<<<<<<<<<<<<<<<<<<<<<<<<<<<<<<<<<
[2022-07-15 19:29:36,714]^;INFO^;95^;model_factory.py^;evaluate_regression_model()^;Diff test train accuracy: [0.008304613034156638].
[2022-07-15 19:29:36,714]^;INFO^;96^;model_factory.py^;evaluate_regression_model()^;Train root mean squared error: [68627.87390018745].
[2022-07-15 19:29:36,714]^;INFO^;97^;model_factory.py^;evaluate_regression_model()^;Test root mean squared error: [66913.4419132093].
[2022-07-15 19:29:36,714]^;INFO^;113^;model_factory.py^;evaluate_regression_model()^;Acceptable model found MetricInfoArtifact(model_name='LinearRegression(fit_intercept=False)', model_object=LinearRegression(fit_intercept=False), train_rmse=68627.87390018745, test_rmse=66913.4419132093, train_accuracy=0.6481553634454353, test_accuracy=0.656459976479592, model_accuracy=0.6522812381877459, index_number=0). 
[2022-07-15 19:29:36,714]^;INFO^;71^;model_factory.py^;evaluate_regression_model()^;>>>>>>>>>>>>>>>>>>>>>>>>>>>>>>>>>>>>>>>>>>>>>>>>>>>>>>>>>>>>Started evaluating model: [RandomForestRegressor] <<<<<<<<<<<<<<<<<<<<<<<<<<<<<<<<<<<<<<<<<<<<<<<<<<<<<<<<<<<<
[2022-07-15 19:29:36,935]^;INFO^;90^;model_factory.py^;evaluate_regression_model()^;>>>>>>>>>>>>>>>>>>>>>>>>>>>>>>>>>>>>>>>>>>>>>>>>>>>>>>>>>>>> Score <<<<<<<<<<<<<<<<<<<<<<<<<<<<<<<<<<<<<<<<<<<<<<<<<<<<<<<<<<<<
[2022-07-15 19:29:36,935]^;INFO^;91^;model_factory.py^;evaluate_regression_model()^;Train Score		 Test Score		 Average Score
[2022-07-15 19:29:36,935]^;INFO^;92^;model_factory.py^;evaluate_regression_model()^;0.9041114991949093		 0.8193279791261041		0.8596343032152131
[2022-07-15 19:29:36,935]^;INFO^;94^;model_factory.py^;evaluate_regression_model()^;>>>>>>>>>>>>>>>>>>>>>>>>>>>>>>>>>>>>>>>>>>>>>>>>>>>>>>>>>>>> Loss <<<<<<<<<<<<<<<<<<<<<<<<<<<<<<<<<<<<<<<<<<<<<<<<<<<<<<<<<<<<
[2022-07-15 19:29:36,935]^;INFO^;95^;model_factory.py^;evaluate_regression_model()^;Diff test train accuracy: [0.08478352006880518].
[2022-07-15 19:29:36,935]^;INFO^;96^;model_factory.py^;evaluate_regression_model()^;Train root mean squared error: [35826.82656460247].
[2022-07-15 19:29:36,936]^;INFO^;97^;model_factory.py^;evaluate_regression_model()^;Test root mean squared error: [48525.51468806049].
[2022-07-15 19:29:36,936]^;INFO^;87^;model_trainer.py^;initiate_model_trainer()^;Best found model on both training and testing dataset.
[2022-07-15 19:29:36,937]^;INFO^;95^;model_trainer.py^;initiate_model_trainer()^;Saving model at path: /Users/abhisheknagpal/Documents/My_Projects/ml_project/housing/artifact/model_trainer/2022-07-15-19-28-55/trained_model/model.pkl
[2022-07-15 19:29:36,939]^;INFO^;109^;model_trainer.py^;initiate_model_trainer()^;Model Trainer Artifact: ModelTrainerArtifact(is_trained=True, message='Model Trained successfully', trained_model_file_path='/Users/abhisheknagpal/Documents/My_Projects/ml_project/housing/artifact/model_trainer/2022-07-15-19-28-55/trained_model/model.pkl', train_rmse=68627.87390018745, test_rmse=66913.4419132093, train_accuracy=0.6481553634454353, test_accuracy=0.656459976479592, model_accuracy=0.6522812381877459)
[2022-07-15 19:29:36,939]^;INFO^;115^;model_trainer.py^;__del__()^;>>>>>>>>>>>>>>>>>>>>>>>>>>>>>>>>>>>>>>>>>>>>>>>>>>>>>>>>>>>>Model trainer log completed.<<<<<<<<<<<<<<<<<<<<<<<<<<<<<<<<<<<<<<<<<<<<<<<<<<<<<<<<<<<< 
[2022-07-15 19:29:36,939]^;INFO^;196^;configuration.py^;get_model_evaluation_config()^;Model Evaluation Config: ModelEvaluationConfig(model_evaluation_file_path='/Users/abhisheknagpal/Documents/My_Projects/ml_project/housing/artifact/model_evaluation/model_evaluation.yaml', time_stamp='2022-07-15-19-28-55').
[2022-07-15 19:29:36,939]^;INFO^;22^;model_evaluation.py^;__init__()^;>>>>>>>>>>>>>>>>>>>>>>>>>>>>>>>>>>>>>>>>>>>>>>>>>>>>>>>>>>>>Model Evaluation log started.<<<<<<<<<<<<<<<<<<<<<<<<<<<<<<<<<<<<<<<<<<<<<<<<<<<<<<<<<<<< 
[2022-07-15 19:29:36,963]^;INFO^;104^;model_evaluation.py^;initiate_model_evaluation()^;Converting target column into numpy array.
[2022-07-15 19:29:36,963]^;INFO^;107^;model_evaluation.py^;initiate_model_evaluation()^;Conversion completed target column into numpy array.
[2022-07-15 19:29:36,963]^;INFO^;110^;model_evaluation.py^;initiate_model_evaluation()^;Dropping target column from the dataframe.
[2022-07-15 19:29:36,964]^;INFO^;113^;model_evaluation.py^;initiate_model_evaluation()^;Dropping target column from the dataframe completed.
[2022-07-15 19:29:36,964]^;INFO^;71^;model_factory.py^;evaluate_regression_model()^;>>>>>>>>>>>>>>>>>>>>>>>>>>>>>>>>>>>>>>>>>>>>>>>>>>>>>>>>>>>>Started evaluating model: [HousingEstimatorModel] <<<<<<<<<<<<<<<<<<<<<<<<<<<<<<<<<<<<<<<<<<<<<<<<<<<<<<<<<<<<
[2022-07-15 19:29:36,976]^;INFO^;90^;model_factory.py^;evaluate_regression_model()^;>>>>>>>>>>>>>>>>>>>>>>>>>>>>>>>>>>>>>>>>>>>>>>>>>>>>>>>>>>>> Score <<<<<<<<<<<<<<<<<<<<<<<<<<<<<<<<<<<<<<<<<<<<<<<<<<<<<<<<<<<<
[2022-07-15 19:29:36,977]^;INFO^;91^;model_factory.py^;evaluate_regression_model()^;Train Score		 Test Score		 Average Score
[2022-07-15 19:29:36,977]^;INFO^;92^;model_factory.py^;evaluate_regression_model()^;0.6481553634454353		 0.656459976479592		0.6522812381877459
[2022-07-15 19:29:36,977]^;INFO^;94^;model_factory.py^;evaluate_regression_model()^;>>>>>>>>>>>>>>>>>>>>>>>>>>>>>>>>>>>>>>>>>>>>>>>>>>>>>>>>>>>> Loss <<<<<<<<<<<<<<<<<<<<<<<<<<<<<<<<<<<<<<<<<<<<<<<<<<<<<<<<<<<<
[2022-07-15 19:29:36,977]^;INFO^;95^;model_factory.py^;evaluate_regression_model()^;Diff test train accuracy: [0.008304613034156638].
[2022-07-15 19:29:36,977]^;INFO^;96^;model_factory.py^;evaluate_regression_model()^;Train root mean squared error: [68627.87390018745].
[2022-07-15 19:29:36,977]^;INFO^;97^;model_factory.py^;evaluate_regression_model()^;Test root mean squared error: [66913.4419132093].
[2022-07-15 19:29:36,977]^;INFO^;113^;model_factory.py^;evaluate_regression_model()^;Acceptable model found MetricInfoArtifact(model_name='LinearRegression()', model_object=LinearRegression(), train_rmse=68627.87390018745, test_rmse=66913.4419132093, train_accuracy=0.6481553634454353, test_accuracy=0.656459976479592, model_accuracy=0.6522812381877459, index_number=0). 
[2022-07-15 19:29:36,977]^;INFO^;71^;model_factory.py^;evaluate_regression_model()^;>>>>>>>>>>>>>>>>>>>>>>>>>>>>>>>>>>>>>>>>>>>>>>>>>>>>>>>>>>>>Started evaluating model: [HousingEstimatorModel] <<<<<<<<<<<<<<<<<<<<<<<<<<<<<<<<<<<<<<<<<<<<<<<<<<<<<<<<<<<<
[2022-07-15 19:29:36,988]^;INFO^;90^;model_factory.py^;evaluate_regression_model()^;>>>>>>>>>>>>>>>>>>>>>>>>>>>>>>>>>>>>>>>>>>>>>>>>>>>>>>>>>>>> Score <<<<<<<<<<<<<<<<<<<<<<<<<<<<<<<<<<<<<<<<<<<<<<<<<<<<<<<<<<<<
[2022-07-15 19:29:36,988]^;INFO^;91^;model_factory.py^;evaluate_regression_model()^;Train Score		 Test Score		 Average Score
[2022-07-15 19:29:36,988]^;INFO^;92^;model_factory.py^;evaluate_regression_model()^;0.6481553634454353		 0.656459976479592		0.6522812381877459
[2022-07-15 19:29:36,988]^;INFO^;94^;model_factory.py^;evaluate_regression_model()^;>>>>>>>>>>>>>>>>>>>>>>>>>>>>>>>>>>>>>>>>>>>>>>>>>>>>>>>>>>>> Loss <<<<<<<<<<<<<<<<<<<<<<<<<<<<<<<<<<<<<<<<<<<<<<<<<<<<<<<<<<<<
[2022-07-15 19:29:36,988]^;INFO^;95^;model_factory.py^;evaluate_regression_model()^;Diff test train accuracy: [0.008304613034156638].
[2022-07-15 19:29:36,988]^;INFO^;96^;model_factory.py^;evaluate_regression_model()^;Train root mean squared error: [68627.87390018745].
[2022-07-15 19:29:36,988]^;INFO^;97^;model_factory.py^;evaluate_regression_model()^;Test root mean squared error: [66913.4419132093].
[2022-07-15 19:29:36,988]^;INFO^;113^;model_factory.py^;evaluate_regression_model()^;Acceptable model found MetricInfoArtifact(model_name='LinearRegression()', model_object=LinearRegression(), train_rmse=68627.87390018745, test_rmse=66913.4419132093, train_accuracy=0.6481553634454353, test_accuracy=0.656459976479592, model_accuracy=0.6522812381877459, index_number=1). 
[2022-07-15 19:29:36,988]^;INFO^;134^;model_evaluation.py^;initiate_model_evaluation()^;Model evaluation completed. model metric artifact: MetricInfoArtifact(model_name='LinearRegression()', model_object=LinearRegression(), train_rmse=68627.87390018745, test_rmse=66913.4419132093, train_accuracy=0.6481553634454353, test_accuracy=0.656459976479592, model_accuracy=0.6522812381877459, index_number=1)
[2022-07-15 19:29:36,989]^;INFO^;62^;model_evaluation.py^;update_evaluation_report()^;Previous eval result: {'best_model': {'model_path': '/Users/abhisheknagpal/Documents/My_Projects/ml_project/housing/artifact/model_trainer/2022-07-11-20-22-55/trained_model/model.pkl'}}
[2022-07-15 19:29:36,989]^;INFO^;78^;model_evaluation.py^;update_evaluation_report()^;Updated eval result:{'best_model': {'model_path': '/Users/abhisheknagpal/Documents/My_Projects/ml_project/housing/artifact/model_trainer/2022-07-15-19-28-55/trained_model/model.pkl'}, 'history': {'2022-07-15-19-28-55': {'model_path': '/Users/abhisheknagpal/Documents/My_Projects/ml_project/housing/artifact/model_trainer/2022-07-11-20-22-55/trained_model/model.pkl'}}}
[2022-07-15 19:29:36,990]^;INFO^;147^;model_evaluation.py^;initiate_model_evaluation()^;Model accepted. Model eval artifact ModelEvaluationArtifact(is_model_accepted=True, evaluated_model_path='/Users/abhisheknagpal/Documents/My_Projects/ml_project/housing/artifact/model_trainer/2022-07-15-19-28-55/trained_model/model.pkl') created
[2022-07-15 19:29:36,990]^;INFO^;158^;model_evaluation.py^;__del__()^;====================Model Evaluation log completed.==================== 
[2022-07-15 19:29:36,990]^;INFO^;210^;configuration.py^;get_model_pusher_config()^;Model pusher config ModelPusherConfig(export_dir_path='/Users/abhisheknagpal/Documents/My_Projects/ml_project/saved_models/20220715192936')
[2022-07-15 19:29:36,990]^;INFO^;15^;model_pusher.py^;__init__()^;>>>>>>>>>>>>>>>>>>>>>>>>>>>>>>>>>>>>>>>>>>>>>>>>>>>>>>>>>>>>Model Pusher log started.<<<<<<<<<<<<<<<<<<<<<<<<<<<<<<<<<<<<<<<<<<<<<<<<<<<<<<<<<<<< 
[2022-07-15 19:29:36,990]^;INFO^;28^;model_pusher.py^;export_model()^;Exporting model file: [/Users/abhisheknagpal/Documents/My_Projects/ml_project/saved_models/20220715192936/model.pkl]
[2022-07-15 19:29:36,990]^;INFO^;34^;model_pusher.py^;export_model()^;Trained model: /Users/abhisheknagpal/Documents/My_Projects/ml_project/housing/artifact/model_trainer/2022-07-15-19-28-55/trained_model/model.pkl is copied in export dir:[/Users/abhisheknagpal/Documents/My_Projects/ml_project/saved_models/20220715192936/model.pkl]
[2022-07-15 19:29:36,990]^;INFO^;39^;model_pusher.py^;export_model()^;Model pusher artifact: [ModelPusherArtifact(is_model_pusher=True, export_model_file_path='/Users/abhisheknagpal/Documents/My_Projects/ml_project/saved_models/20220715192936/model.pkl')]
[2022-07-15 19:29:36,990]^;INFO^;51^;model_pusher.py^;__del__()^;>>>>>>>>>>>>>>>>>>>>>>>>>>>>>>>>>>>>>>>>Model Pusher log completed.<<<<<<<<<<<<<<<<<<<<<<<<<<<<<<<<<<<<<<<< 
[2022-07-15 19:29:36,990]^;INFO^;150^;pipeline.py^;run_pipeline()^;Model pusher artifact: ModelPusherArtifact(is_model_pusher=True, export_model_file_path='/Users/abhisheknagpal/Documents/My_Projects/ml_project/saved_models/20220715192936/model.pkl')
[2022-07-15 19:29:36,990]^;INFO^;153^;pipeline.py^;run_pipeline()^;Pipeline completed.
[2022-07-15 19:29:36,990]^;INFO^;168^;pipeline.py^;run_pipeline()^;Pipeline experiment: Experiment(experiment_id='ff93a98b-7893-4612-a2e1-d4aab4e06ed3', initialization_timestamp='2022-07-15-19-28-55', artifact_time_stamp='2022-07-15-19-28-55', running_status=False, start_time=datetime.datetime(2022, 7, 15, 19, 28, 55, 89491), stop_time=datetime.datetime(2022, 7, 15, 19, 29, 36, 990848), execution_time=datetime.timedelta(seconds=41, microseconds=901357), message='Pipeline has been completed.', experiment_file_path='/Users/abhisheknagpal/Documents/My_Projects/ml_project/housing/artifact/experiment/experiment.csv', accuracy=0.6522812381877459, is_model_accepted=True)
[2022-07-15 19:29:42,244]^;INFO^;225^;configuration.py^;get_training_pipeline_config()^;Training pipleine config: TrainingPipelineConfig(artifact_dir='/Users/abhisheknagpal/Documents/My_Projects/ml_project/housing/artifact')
[2022-07-15 19:29:42,245]^;INFO^;116^;pipeline.py^;run_pipeline()^;Pipeline starting.
[2022-07-15 19:29:42,246]^;INFO^;132^;pipeline.py^;run_pipeline()^;Pipeline experiment: Experiment(experiment_id='84105e04-3b2a-48f5-b8e1-c3879f49ccb3', initialization_timestamp='2022-07-15-19-29-42', artifact_time_stamp='2022-07-15-19-29-42', running_status=True, start_time=datetime.datetime(2022, 7, 15, 19, 29, 42, 246132), stop_time=None, execution_time=None, message='Pipeline has been started.', experiment_file_path='/Users/abhisheknagpal/Documents/My_Projects/ml_project/housing/artifact/experiment/experiment.csv', accuracy=None, is_model_accepted=None)
[2022-07-15 19:29:42,265]^;INFO^;224^;_internal.py^;_log()^;127.0.0.1 - - [15/Jul/2022 19:29:42] "GET /train HTTP/1.1" 200 -
[2022-07-15 19:29:42,268]^;INFO^;64^;configuration.py^;get_data_ingestion_config()^;Data Ingestion config: DataIngestionConfig(dataset_download_url='https://raw.githubusercontent.com/ageron/handson-ml/master/datasets/housing/housing.tgz', tgz_download_dir='/Users/abhisheknagpal/Documents/My_Projects/ml_project/housing/artifact/data_ingestion/2022-07-15-19-29-42/tgz_data', raw_data_dir='/Users/abhisheknagpal/Documents/My_Projects/ml_project/housing/artifact/data_ingestion/2022-07-15-19-29-42/raw_data', ingested_train_dir='/Users/abhisheknagpal/Documents/My_Projects/ml_project/housing/artifact/data_ingestion/2022-07-15-19-29-42/ingested_data/train', ingested_test_dir='/Users/abhisheknagpal/Documents/My_Projects/ml_project/housing/artifact/data_ingestion/2022-07-15-19-29-42/ingested_data/test')
[2022-07-15 19:29:42,268]^;INFO^;16^;data_ingestion.py^;__init__()^;>>>>>>>>>>>>>>>>>>>>>>>>>>>>>>>>>>>>>>>>Data Ingestion log started.<<<<<<<<<<<<<<<<<<<<<<<<<<<<<<<<<<<<<<<< 
[2022-07-15 19:29:42,268]^;INFO^;37^;data_ingestion.py^;download_housing_data()^;Downloading file from :[https://raw.githubusercontent.com/ageron/handson-ml/master/datasets/housing/housing.tgz] into :[/Users/abhisheknagpal/Documents/My_Projects/ml_project/housing/artifact/data_ingestion/2022-07-15-19-29-42/tgz_data/housing.tgz]
[2022-07-15 19:29:42,525]^;INFO^;39^;data_ingestion.py^;download_housing_data()^;File :[/Users/abhisheknagpal/Documents/My_Projects/ml_project/housing/artifact/data_ingestion/2022-07-15-19-29-42/tgz_data/housing.tgz] has been downloaded successfully.
[2022-07-15 19:29:42,526]^;INFO^;54^;data_ingestion.py^;extract_tgz_file()^;Extracting tgz file: [/Users/abhisheknagpal/Documents/My_Projects/ml_project/housing/artifact/data_ingestion/2022-07-15-19-29-42/tgz_data/housing.tgz] into dir: [/Users/abhisheknagpal/Documents/My_Projects/ml_project/housing/artifact/data_ingestion/2022-07-15-19-29-42/raw_data]
[2022-07-15 19:29:42,549]^;INFO^;57^;data_ingestion.py^;extract_tgz_file()^;Extraction completed
[2022-07-15 19:29:42,549]^;INFO^;71^;data_ingestion.py^;split_data_as_train_test()^;Reading csv file: [/Users/abhisheknagpal/Documents/My_Projects/ml_project/housing/artifact/data_ingestion/2022-07-15-19-29-42/raw_data/housing.csv]
[2022-07-15 19:29:42,583]^;INFO^;81^;data_ingestion.py^;split_data_as_train_test()^;Splitting data into train and test
[2022-07-15 19:29:42,592]^;INFO^;99^;data_ingestion.py^;split_data_as_train_test()^;Exporting training datset to file: [/Users/abhisheknagpal/Documents/My_Projects/ml_project/housing/artifact/data_ingestion/2022-07-15-19-29-42/ingested_data/train/housing.csv]
[2022-07-15 19:29:42,745]^;INFO^;104^;data_ingestion.py^;split_data_as_train_test()^;Exporting test dataset to file: [/Users/abhisheknagpal/Documents/My_Projects/ml_project/housing/artifact/data_ingestion/2022-07-15-19-29-42/ingested_data/test/housing.csv]
[2022-07-15 19:29:42,780]^;INFO^;113^;data_ingestion.py^;split_data_as_train_test()^;Data Ingestion artifact:[DataIngestionArtifact(train_file_path='/Users/abhisheknagpal/Documents/My_Projects/ml_project/housing/artifact/data_ingestion/2022-07-15-19-29-42/ingested_data/train/housing.csv', test_file_path='/Users/abhisheknagpal/Documents/My_Projects/ml_project/housing/artifact/data_ingestion/2022-07-15-19-29-42/ingested_data/test/housing.csv', is_ingested=True, message='Data ingestion completed successfully.')]
[2022-07-15 19:29:42,780]^;INFO^;130^;data_ingestion.py^;__del__()^;>>>>>>>>>>>>>>>>>>>>>>>>>>>>>>>>>>>>>>>>Data Ingestion log completed.<<<<<<<<<<<<<<<<<<<<<<<<<<<<<<<<<<<<<<<< 


[2022-07-15 19:29:42,780]^;INFO^;19^;data_validation.py^;__init__()^;>>>>>>>>>>>>>>>>>>>>>>>>>>>>>>>>>>>>>>>>>>>>>>>>>>>>>>>>>>>>Data Valdaition log started.<<<<<<<<<<<<<<<<<<<<<<<<<<<<<<<<<<<<<<<<<<<<<<<<<<<<<<<<<<<< 


[2022-07-15 19:29:42,781]^;INFO^;37^;data_validation.py^;is_train_test_file_exists()^;Checking if training and test file is available
[2022-07-15 19:29:42,781]^;INFO^;49^;data_validation.py^;is_train_test_file_exists()^;Is train and test file exists?-> True
[2022-07-15 19:29:43,124]^;INFO^;138^;data_validation.py^;initiate_data_validation()^;Data validation artifact: DataValidationArtifact(schema_file_path='/Users/abhisheknagpal/Documents/My_Projects/ml_project/config/schema.yaml', report_file_path='/Users/abhisheknagpal/Documents/My_Projects/ml_project/housing/artifact/data_validation/2022-07-15-19-29-42/report.json', report_page_file_path='/Users/abhisheknagpal/Documents/My_Projects/ml_project/housing/artifact/data_validation/2022-07-15-19-29-42/report.html', is_validated=True, message='Data Validation performed successully.')
[2022-07-15 19:29:43,125]^;INFO^;145^;data_validation.py^;__del__()^;>>>>>>>>>>>>>>>>>>>>>>>>>>>>>>>>>>>>>>>>>>>>>>>>>>>>>>>>>>>>Data Valdaition log completed.<<<<<<<<<<<<<<<<<<<<<<<<<<<<<<<<<<<<<<<<<<<<<<<<<<<<<<<<<<<< 


[2022-07-15 19:29:43,125]^;INFO^;148^;configuration.py^;get_data_transformation_config()^;Data transformation config: DataTransformationConfig(add_bedroom_per_room=True, transformed_train_dir='/Users/abhisheknagpal/Documents/My_Projects/ml_project/housing/artifact/data_transformation/2022-07-15-19-29-42/transformed_data/train', transformed_test_dir='/Users/abhisheknagpal/Documents/My_Projects/ml_project/housing/artifact/data_transformation/2022-07-15-19-29-42/transformed_data/test', preprocessed_object_file_path='/Users/abhisheknagpal/Documents/My_Projects/ml_project/housing/artifact/data_transformation/2022-07-15-19-29-42/preprocessed/preprocessed.pkl')
[2022-07-15 19:29:43,125]^;INFO^;97^;data_transformation.py^;__init__()^;>>>>>>>>>>>>>>>>>>>>>>>>>>>>>>>>>>>>>>>>>>>>>>>>>>>>>>>>>>>>Data Transformation log started.<<<<<<<<<<<<<<<<<<<<<<<<<<<<<<<<<<<<<<<<<<<<<<<<<<<<<<<<<<<< 
[2022-07-15 19:29:43,125]^;INFO^;150^;data_transformation.py^;initiate_data_transformation()^;Obtaining preprocessing object.
[2022-07-15 19:29:43,127]^;INFO^;134^;data_transformation.py^;get_data_transformer_object()^;Categorical columns: ['ocean_proximity']
[2022-07-15 19:29:43,127]^;INFO^;135^;data_transformation.py^;get_data_transformer_object()^;Numerical columns: ['longitude', 'latitude', 'housing_median_age', 'total_rooms', 'total_bedrooms', 'population', 'households', 'median_income']
[2022-07-15 19:29:43,127]^;INFO^;154^;data_transformation.py^;initiate_data_transformation()^;Obtaining training and test file path.
[2022-07-15 19:29:43,127]^;INFO^;161^;data_transformation.py^;initiate_data_transformation()^;Loading training and test data as pandas dataframe.
[2022-07-15 19:29:43,151]^;INFO^;171^;data_transformation.py^;initiate_data_transformation()^;Splitting input and target feature from training and testing dataframe.
[2022-07-15 19:29:43,152]^;INFO^;179^;data_transformation.py^;initiate_data_transformation()^;Applying preprocessing object on training dataframe and testing dataframe
[2022-07-15 19:29:43,178]^;INFO^;197^;data_transformation.py^;initiate_data_transformation()^;Saving transformed training and testing array.
[2022-07-15 19:29:43,183]^;INFO^;204^;data_transformation.py^;initiate_data_transformation()^;Saving preprocessing object.
[2022-07-15 19:29:43,185]^;INFO^;214^;data_transformation.py^;initiate_data_transformation()^;Data transformationa artifact: DataTransformationArtifact(is_transformed=True, message='Data transformation successfull.', transformed_train_file_path='/Users/abhisheknagpal/Documents/My_Projects/ml_project/housing/artifact/data_transformation/2022-07-15-19-29-42/transformed_data/train/housing.npz', transformed_test_file_path='/Users/abhisheknagpal/Documents/My_Projects/ml_project/housing/artifact/data_transformation/2022-07-15-19-29-42/transformed_data/test/housing.npz', preprocessed_object_file_path='/Users/abhisheknagpal/Documents/My_Projects/ml_project/housing/artifact/data_transformation/2022-07-15-19-29-42/preprocessed/preprocessed.pkl')
[2022-07-15 19:29:43,185]^;INFO^;220^;data_transformation.py^;__del__()^;>>>>>>>>>>>>>>>>>>>>>>>>>>>>>>>>>>>>>>>>>>>>>>>>>>>>>>>>>>>>Data Transformation log completed.<<<<<<<<<<<<<<<<<<<<<<<<<<<<<<<<<<<<<<<<<<<<<<<<<<<<<<<<<<<< 


[2022-07-15 19:29:43,185]^;INFO^;179^;configuration.py^;get_model_trainer_config()^;Model trainer config: ModelTrainerConfig(trained_model_file_path='/Users/abhisheknagpal/Documents/My_Projects/ml_project/housing/artifact/model_trainer/2022-07-15-19-29-42/trained_model/model.pkl', base_accuracy=0.6, model_config_file_path='config/model.yaml')
[2022-07-15 19:29:43,185]^;INFO^;45^;model_trainer.py^;__init__()^;>>>>>>>>>>>>>>>>>>>>>>>>>>>>>>>>>>>>>>>>>>>>>>>>>>>>>>>>>>>>Model trainer log started.<<<<<<<<<<<<<<<<<<<<<<<<<<<<<<<<<<<<<<<<<<<<<<<<<<<<<<<<<<<< 
[2022-07-15 19:29:43,185]^;INFO^;53^;model_trainer.py^;initiate_model_trainer()^;Loading transformed training dataset
[2022-07-15 19:29:43,186]^;INFO^;57^;model_trainer.py^;initiate_model_trainer()^;Loading transformed testing dataset
[2022-07-15 19:29:43,187]^;INFO^;61^;model_trainer.py^;initiate_model_trainer()^;Splitting training and testing input and target feature
[2022-07-15 19:29:43,187]^;INFO^;65^;model_trainer.py^;initiate_model_trainer()^;Extracting model config file path
[2022-07-15 19:29:43,187]^;INFO^;68^;model_trainer.py^;initiate_model_trainer()^;Initializing model factory class using above model config file: config/model.yaml
[2022-07-15 19:29:43,189]^;INFO^;73^;model_trainer.py^;initiate_model_trainer()^;Expected accuracy: 0.6
[2022-07-15 19:29:43,189]^;INFO^;75^;model_trainer.py^;initiate_model_trainer()^;Initiating operation model selecttion
[2022-07-15 19:29:43,189]^;INFO^;358^;model_factory.py^;get_best_model()^;Started Initializing model from config file
[2022-07-15 19:29:43,189]^;INFO^;203^;model_factory.py^;class_for_name()^;Executing command: from <module 'sklearn.linear_model' from '/Users/abhisheknagpal/Documents/My_Projects/ml_project/venv/lib/python3.7/site-packages/sklearn/linear_model/__init__.py'> import LinearRegression
[2022-07-15 19:29:43,189]^;INFO^;182^;model_factory.py^;update_property_of_class()^;Executing:$ LinearRegression().fit_intercept=True
[2022-07-15 19:29:43,189]^;INFO^;203^;model_factory.py^;class_for_name()^;Executing command: from <module 'sklearn.ensemble' from '/Users/abhisheknagpal/Documents/My_Projects/ml_project/venv/lib/python3.7/site-packages/sklearn/ensemble/__init__.py'> import RandomForestRegressor
[2022-07-15 19:29:43,189]^;INFO^;182^;model_factory.py^;update_property_of_class()^;Executing:$ RandomForestRegressor().min_samples_leaf=3
[2022-07-15 19:29:43,190]^;INFO^;360^;model_factory.py^;get_best_model()^;Initialized model: [InitializedModelDetail(model_serial_number='module_0', model=LinearRegression(), param_grid_search={'fit_intercept': [True, False]}, model_name='sklearn.linear_model.LinearRegression'), InitializedModelDetail(model_serial_number='module_1', model=RandomForestRegressor(min_samples_leaf=3), param_grid_search={'min_samples_leaf': [6]}, model_name='sklearn.ensemble.RandomForestRegressor')]
[2022-07-15 19:29:43,190]^;INFO^;203^;model_factory.py^;class_for_name()^;Executing command: from <module 'sklearn.model_selection' from '/Users/abhisheknagpal/Documents/My_Projects/ml_project/venv/lib/python3.7/site-packages/sklearn/model_selection/__init__.py'> import GridSearchCV
[2022-07-15 19:29:43,190]^;INFO^;182^;model_factory.py^;update_property_of_class()^;Executing:$ GridSearchCV(estimator=LinearRegression(),
             param_grid={'fit_intercept': [True, False]}).cv=5
[2022-07-15 19:29:43,190]^;INFO^;182^;model_factory.py^;update_property_of_class()^;Executing:$ GridSearchCV(cv=5, estimator=LinearRegression(),
             param_grid={'fit_intercept': [True, False]}).verbose=2
[2022-07-15 19:29:43,190]^;INFO^;236^;model_factory.py^;execute_grid_search_operation()^;>>>>>>>>>>>>>>>>>>>>>>>>>>>>>>>>>>>>>>>>>>>>>>>>>>>>>>>>>>>> f"Training LinearRegression Started." <<<<<<<<<<<<<<<<<<<<<<<<<<<<<<<<<<<<<<<<<<<<<<<<<<<<<<<<<<<<
[2022-07-15 19:29:43,495]^;INFO^;203^;model_factory.py^;class_for_name()^;Executing command: from <module 'sklearn.model_selection' from '/Users/abhisheknagpal/Documents/My_Projects/ml_project/venv/lib/python3.7/site-packages/sklearn/model_selection/__init__.py'> import GridSearchCV
[2022-07-15 19:29:43,496]^;INFO^;182^;model_factory.py^;update_property_of_class()^;Executing:$ GridSearchCV(estimator=RandomForestRegressor(min_samples_leaf=3),
             param_grid={'min_samples_leaf': [6]}).cv=5
[2022-07-15 19:29:43,496]^;INFO^;182^;model_factory.py^;update_property_of_class()^;Executing:$ GridSearchCV(cv=5, estimator=RandomForestRegressor(min_samples_leaf=3),
             param_grid={'min_samples_leaf': [6]}).verbose=2
[2022-07-15 19:29:43,496]^;INFO^;236^;model_factory.py^;execute_grid_search_operation()^;>>>>>>>>>>>>>>>>>>>>>>>>>>>>>>>>>>>>>>>>>>>>>>>>>>>>>>>>>>>> f"Training RandomForestRegressor Started." <<<<<<<<<<<<<<<<<<<<<<<<<<<<<<<<<<<<<<<<<<<<<<<<<<<<<<<<<<<<
[2022-07-15 19:30:23,285]^;INFO^;345^;model_factory.py^;get_best_model_from_grid_searched_best_model_list()^;Acceptable model found:GridSearchedBestModel(model_serial_number='module_0', model=LinearRegression(), best_model=LinearRegression(fit_intercept=False), best_parameters={'fit_intercept': False}, best_score=0.6425567028055793)
[2022-07-15 19:30:23,286]^;INFO^;345^;model_factory.py^;get_best_model_from_grid_searched_best_model_list()^;Acceptable model found:GridSearchedBestModel(model_serial_number='module_1', model=RandomForestRegressor(min_samples_leaf=3), best_model=RandomForestRegressor(min_samples_leaf=6), best_parameters={'min_samples_leaf': 6}, best_score=0.8039557435147572)
[2022-07-15 19:30:23,286]^;INFO^;351^;model_factory.py^;get_best_model_from_grid_searched_best_model_list()^;Best model: GridSearchedBestModel(model_serial_number='module_1', model=RandomForestRegressor(min_samples_leaf=3), best_model=RandomForestRegressor(min_samples_leaf=6), best_parameters={'min_samples_leaf': 6}, best_score=0.8039557435147572)
[2022-07-15 19:30:23,286]^;INFO^;78^;model_trainer.py^;initiate_model_trainer()^;Best model found on training dataset: GridSearchedBestModel(model_serial_number='module_1', model=RandomForestRegressor(min_samples_leaf=3), best_model=RandomForestRegressor(min_samples_leaf=6), best_parameters={'min_samples_leaf': 6}, best_score=0.8039557435147572)
[2022-07-15 19:30:23,286]^;INFO^;80^;model_trainer.py^;initiate_model_trainer()^;Extracting trained model list.
[2022-07-15 19:30:23,286]^;INFO^;84^;model_trainer.py^;initiate_model_trainer()^;Evaluation all trained model on training and testing dataset both
[2022-07-15 19:30:23,287]^;INFO^;71^;model_factory.py^;evaluate_regression_model()^;>>>>>>>>>>>>>>>>>>>>>>>>>>>>>>>>>>>>>>>>>>>>>>>>>>>>>>>>>>>>Started evaluating model: [LinearRegression] <<<<<<<<<<<<<<<<<<<<<<<<<<<<<<<<<<<<<<<<<<<<<<<<<<<<<<<<<<<<
[2022-07-15 19:30:23,290]^;INFO^;90^;model_factory.py^;evaluate_regression_model()^;>>>>>>>>>>>>>>>>>>>>>>>>>>>>>>>>>>>>>>>>>>>>>>>>>>>>>>>>>>>> Score <<<<<<<<<<<<<<<<<<<<<<<<<<<<<<<<<<<<<<<<<<<<<<<<<<<<<<<<<<<<
[2022-07-15 19:30:23,290]^;INFO^;91^;model_factory.py^;evaluate_regression_model()^;Train Score		 Test Score		 Average Score
[2022-07-15 19:30:23,290]^;INFO^;92^;model_factory.py^;evaluate_regression_model()^;0.6481553634454353		 0.656459976479592		0.6522812381877459
[2022-07-15 19:30:23,290]^;INFO^;94^;model_factory.py^;evaluate_regression_model()^;>>>>>>>>>>>>>>>>>>>>>>>>>>>>>>>>>>>>>>>>>>>>>>>>>>>>>>>>>>>> Loss <<<<<<<<<<<<<<<<<<<<<<<<<<<<<<<<<<<<<<<<<<<<<<<<<<<<<<<<<<<<
[2022-07-15 19:30:23,290]^;INFO^;95^;model_factory.py^;evaluate_regression_model()^;Diff test train accuracy: [0.008304613034156638].
[2022-07-15 19:30:23,290]^;INFO^;96^;model_factory.py^;evaluate_regression_model()^;Train root mean squared error: [68627.87390018745].
[2022-07-15 19:30:23,290]^;INFO^;97^;model_factory.py^;evaluate_regression_model()^;Test root mean squared error: [66913.4419132093].
[2022-07-15 19:30:23,290]^;INFO^;113^;model_factory.py^;evaluate_regression_model()^;Acceptable model found MetricInfoArtifact(model_name='LinearRegression(fit_intercept=False)', model_object=LinearRegression(fit_intercept=False), train_rmse=68627.87390018745, test_rmse=66913.4419132093, train_accuracy=0.6481553634454353, test_accuracy=0.656459976479592, model_accuracy=0.6522812381877459, index_number=0). 
[2022-07-15 19:30:23,290]^;INFO^;71^;model_factory.py^;evaluate_regression_model()^;>>>>>>>>>>>>>>>>>>>>>>>>>>>>>>>>>>>>>>>>>>>>>>>>>>>>>>>>>>>>Started evaluating model: [RandomForestRegressor] <<<<<<<<<<<<<<<<<<<<<<<<<<<<<<<<<<<<<<<<<<<<<<<<<<<<<<<<<<<<
[2022-07-15 19:30:23,507]^;INFO^;90^;model_factory.py^;evaluate_regression_model()^;>>>>>>>>>>>>>>>>>>>>>>>>>>>>>>>>>>>>>>>>>>>>>>>>>>>>>>>>>>>> Score <<<<<<<<<<<<<<<<<<<<<<<<<<<<<<<<<<<<<<<<<<<<<<<<<<<<<<<<<<<<
[2022-07-15 19:30:23,507]^;INFO^;91^;model_factory.py^;evaluate_regression_model()^;Train Score		 Test Score		 Average Score
[2022-07-15 19:30:23,507]^;INFO^;92^;model_factory.py^;evaluate_regression_model()^;0.9037540432613145		 0.8205329972127382		0.8601352285944946
[2022-07-15 19:30:23,507]^;INFO^;94^;model_factory.py^;evaluate_regression_model()^;>>>>>>>>>>>>>>>>>>>>>>>>>>>>>>>>>>>>>>>>>>>>>>>>>>>>>>>>>>>> Loss <<<<<<<<<<<<<<<<<<<<<<<<<<<<<<<<<<<<<<<<<<<<<<<<<<<<<<<<<<<<
[2022-07-15 19:30:23,507]^;INFO^;95^;model_factory.py^;evaluate_regression_model()^;Diff test train accuracy: [0.08322104604857627].
[2022-07-15 19:30:23,507]^;INFO^;96^;model_factory.py^;evaluate_regression_model()^;Train root mean squared error: [35893.54258739389].
[2022-07-15 19:30:23,507]^;INFO^;97^;model_factory.py^;evaluate_regression_model()^;Test root mean squared error: [48363.419999892714].
[2022-07-15 19:30:23,507]^;INFO^;87^;model_trainer.py^;initiate_model_trainer()^;Best found model on both training and testing dataset.
[2022-07-15 19:30:23,508]^;INFO^;95^;model_trainer.py^;initiate_model_trainer()^;Saving model at path: /Users/abhisheknagpal/Documents/My_Projects/ml_project/housing/artifact/model_trainer/2022-07-15-19-29-42/trained_model/model.pkl
[2022-07-15 19:30:23,510]^;INFO^;109^;model_trainer.py^;initiate_model_trainer()^;Model Trainer Artifact: ModelTrainerArtifact(is_trained=True, message='Model Trained successfully', trained_model_file_path='/Users/abhisheknagpal/Documents/My_Projects/ml_project/housing/artifact/model_trainer/2022-07-15-19-29-42/trained_model/model.pkl', train_rmse=68627.87390018745, test_rmse=66913.4419132093, train_accuracy=0.6481553634454353, test_accuracy=0.656459976479592, model_accuracy=0.6522812381877459)
[2022-07-15 19:30:23,511]^;INFO^;115^;model_trainer.py^;__del__()^;>>>>>>>>>>>>>>>>>>>>>>>>>>>>>>>>>>>>>>>>>>>>>>>>>>>>>>>>>>>>Model trainer log completed.<<<<<<<<<<<<<<<<<<<<<<<<<<<<<<<<<<<<<<<<<<<<<<<<<<<<<<<<<<<< 
[2022-07-15 19:30:23,511]^;INFO^;196^;configuration.py^;get_model_evaluation_config()^;Model Evaluation Config: ModelEvaluationConfig(model_evaluation_file_path='/Users/abhisheknagpal/Documents/My_Projects/ml_project/housing/artifact/model_evaluation/model_evaluation.yaml', time_stamp='2022-07-15-19-29-42').
[2022-07-15 19:30:23,511]^;INFO^;22^;model_evaluation.py^;__init__()^;>>>>>>>>>>>>>>>>>>>>>>>>>>>>>>>>>>>>>>>>>>>>>>>>>>>>>>>>>>>>Model Evaluation log started.<<<<<<<<<<<<<<<<<<<<<<<<<<<<<<<<<<<<<<<<<<<<<<<<<<<<<<<<<<<< 
[2022-07-15 19:30:23,537]^;INFO^;104^;model_evaluation.py^;initiate_model_evaluation()^;Converting target column into numpy array.
[2022-07-15 19:30:23,538]^;INFO^;107^;model_evaluation.py^;initiate_model_evaluation()^;Conversion completed target column into numpy array.
[2022-07-15 19:30:23,538]^;INFO^;110^;model_evaluation.py^;initiate_model_evaluation()^;Dropping target column from the dataframe.
[2022-07-15 19:30:23,539]^;INFO^;113^;model_evaluation.py^;initiate_model_evaluation()^;Dropping target column from the dataframe completed.
[2022-07-15 19:30:23,540]^;INFO^;71^;model_factory.py^;evaluate_regression_model()^;>>>>>>>>>>>>>>>>>>>>>>>>>>>>>>>>>>>>>>>>>>>>>>>>>>>>>>>>>>>>Started evaluating model: [HousingEstimatorModel] <<<<<<<<<<<<<<<<<<<<<<<<<<<<<<<<<<<<<<<<<<<<<<<<<<<<<<<<<<<<
[2022-07-15 19:30:23,552]^;INFO^;90^;model_factory.py^;evaluate_regression_model()^;>>>>>>>>>>>>>>>>>>>>>>>>>>>>>>>>>>>>>>>>>>>>>>>>>>>>>>>>>>>> Score <<<<<<<<<<<<<<<<<<<<<<<<<<<<<<<<<<<<<<<<<<<<<<<<<<<<<<<<<<<<
[2022-07-15 19:30:23,552]^;INFO^;91^;model_factory.py^;evaluate_regression_model()^;Train Score		 Test Score		 Average Score
[2022-07-15 19:30:23,552]^;INFO^;92^;model_factory.py^;evaluate_regression_model()^;0.6481553634454353		 0.656459976479592		0.6522812381877459
[2022-07-15 19:30:23,553]^;INFO^;94^;model_factory.py^;evaluate_regression_model()^;>>>>>>>>>>>>>>>>>>>>>>>>>>>>>>>>>>>>>>>>>>>>>>>>>>>>>>>>>>>> Loss <<<<<<<<<<<<<<<<<<<<<<<<<<<<<<<<<<<<<<<<<<<<<<<<<<<<<<<<<<<<
[2022-07-15 19:30:23,553]^;INFO^;95^;model_factory.py^;evaluate_regression_model()^;Diff test train accuracy: [0.008304613034156638].
[2022-07-15 19:30:23,553]^;INFO^;96^;model_factory.py^;evaluate_regression_model()^;Train root mean squared error: [68627.87390018745].
[2022-07-15 19:30:23,553]^;INFO^;97^;model_factory.py^;evaluate_regression_model()^;Test root mean squared error: [66913.4419132093].
[2022-07-15 19:30:23,553]^;INFO^;113^;model_factory.py^;evaluate_regression_model()^;Acceptable model found MetricInfoArtifact(model_name='LinearRegression()', model_object=LinearRegression(), train_rmse=68627.87390018745, test_rmse=66913.4419132093, train_accuracy=0.6481553634454353, test_accuracy=0.656459976479592, model_accuracy=0.6522812381877459, index_number=0). 
[2022-07-15 19:30:23,553]^;INFO^;71^;model_factory.py^;evaluate_regression_model()^;>>>>>>>>>>>>>>>>>>>>>>>>>>>>>>>>>>>>>>>>>>>>>>>>>>>>>>>>>>>>Started evaluating model: [HousingEstimatorModel] <<<<<<<<<<<<<<<<<<<<<<<<<<<<<<<<<<<<<<<<<<<<<<<<<<<<<<<<<<<<
[2022-07-15 19:30:23,564]^;INFO^;90^;model_factory.py^;evaluate_regression_model()^;>>>>>>>>>>>>>>>>>>>>>>>>>>>>>>>>>>>>>>>>>>>>>>>>>>>>>>>>>>>> Score <<<<<<<<<<<<<<<<<<<<<<<<<<<<<<<<<<<<<<<<<<<<<<<<<<<<<<<<<<<<
[2022-07-15 19:30:23,564]^;INFO^;91^;model_factory.py^;evaluate_regression_model()^;Train Score		 Test Score		 Average Score
[2022-07-15 19:30:23,564]^;INFO^;92^;model_factory.py^;evaluate_regression_model()^;0.6481553634454353		 0.656459976479592		0.6522812381877459
[2022-07-15 19:30:23,564]^;INFO^;94^;model_factory.py^;evaluate_regression_model()^;>>>>>>>>>>>>>>>>>>>>>>>>>>>>>>>>>>>>>>>>>>>>>>>>>>>>>>>>>>>> Loss <<<<<<<<<<<<<<<<<<<<<<<<<<<<<<<<<<<<<<<<<<<<<<<<<<<<<<<<<<<<
[2022-07-15 19:30:23,564]^;INFO^;95^;model_factory.py^;evaluate_regression_model()^;Diff test train accuracy: [0.008304613034156638].
[2022-07-15 19:30:23,564]^;INFO^;96^;model_factory.py^;evaluate_regression_model()^;Train root mean squared error: [68627.87390018745].
[2022-07-15 19:30:23,564]^;INFO^;97^;model_factory.py^;evaluate_regression_model()^;Test root mean squared error: [66913.4419132093].
[2022-07-15 19:30:23,564]^;INFO^;113^;model_factory.py^;evaluate_regression_model()^;Acceptable model found MetricInfoArtifact(model_name='LinearRegression()', model_object=LinearRegression(), train_rmse=68627.87390018745, test_rmse=66913.4419132093, train_accuracy=0.6481553634454353, test_accuracy=0.656459976479592, model_accuracy=0.6522812381877459, index_number=1). 
[2022-07-15 19:30:23,564]^;INFO^;134^;model_evaluation.py^;initiate_model_evaluation()^;Model evaluation completed. model metric artifact: MetricInfoArtifact(model_name='LinearRegression()', model_object=LinearRegression(), train_rmse=68627.87390018745, test_rmse=66913.4419132093, train_accuracy=0.6481553634454353, test_accuracy=0.656459976479592, model_accuracy=0.6522812381877459, index_number=1)
[2022-07-15 19:30:23,565]^;INFO^;62^;model_evaluation.py^;update_evaluation_report()^;Previous eval result: {'best_model': {'model_path': '/Users/abhisheknagpal/Documents/My_Projects/ml_project/housing/artifact/model_trainer/2022-07-15-19-28-55/trained_model/model.pkl'}, 'history': {'2022-07-15-19-28-55': {'model_path': '/Users/abhisheknagpal/Documents/My_Projects/ml_project/housing/artifact/model_trainer/2022-07-11-20-22-55/trained_model/model.pkl'}}}
[2022-07-15 19:30:23,565]^;INFO^;78^;model_evaluation.py^;update_evaluation_report()^;Updated eval result:{'best_model': {'model_path': '/Users/abhisheknagpal/Documents/My_Projects/ml_project/housing/artifact/model_trainer/2022-07-15-19-29-42/trained_model/model.pkl'}, 'history': {'2022-07-15-19-28-55': {'model_path': '/Users/abhisheknagpal/Documents/My_Projects/ml_project/housing/artifact/model_trainer/2022-07-11-20-22-55/trained_model/model.pkl'}, '2022-07-15-19-29-42': {'model_path': '/Users/abhisheknagpal/Documents/My_Projects/ml_project/housing/artifact/model_trainer/2022-07-15-19-28-55/trained_model/model.pkl'}}}
[2022-07-15 19:30:23,566]^;INFO^;147^;model_evaluation.py^;initiate_model_evaluation()^;Model accepted. Model eval artifact ModelEvaluationArtifact(is_model_accepted=True, evaluated_model_path='/Users/abhisheknagpal/Documents/My_Projects/ml_project/housing/artifact/model_trainer/2022-07-15-19-29-42/trained_model/model.pkl') created
[2022-07-15 19:30:23,566]^;INFO^;158^;model_evaluation.py^;__del__()^;====================Model Evaluation log completed.==================== 
[2022-07-15 19:30:23,566]^;INFO^;210^;configuration.py^;get_model_pusher_config()^;Model pusher config ModelPusherConfig(export_dir_path='/Users/abhisheknagpal/Documents/My_Projects/ml_project/saved_models/20220715193023')
[2022-07-15 19:30:23,566]^;INFO^;15^;model_pusher.py^;__init__()^;>>>>>>>>>>>>>>>>>>>>>>>>>>>>>>>>>>>>>>>>>>>>>>>>>>>>>>>>>>>>Model Pusher log started.<<<<<<<<<<<<<<<<<<<<<<<<<<<<<<<<<<<<<<<<<<<<<<<<<<<<<<<<<<<< 
[2022-07-15 19:30:23,566]^;INFO^;28^;model_pusher.py^;export_model()^;Exporting model file: [/Users/abhisheknagpal/Documents/My_Projects/ml_project/saved_models/20220715193023/model.pkl]
[2022-07-15 19:30:23,567]^;INFO^;34^;model_pusher.py^;export_model()^;Trained model: /Users/abhisheknagpal/Documents/My_Projects/ml_project/housing/artifact/model_trainer/2022-07-15-19-29-42/trained_model/model.pkl is copied in export dir:[/Users/abhisheknagpal/Documents/My_Projects/ml_project/saved_models/20220715193023/model.pkl]
[2022-07-15 19:30:23,567]^;INFO^;39^;model_pusher.py^;export_model()^;Model pusher artifact: [ModelPusherArtifact(is_model_pusher=True, export_model_file_path='/Users/abhisheknagpal/Documents/My_Projects/ml_project/saved_models/20220715193023/model.pkl')]
[2022-07-15 19:30:23,567]^;INFO^;51^;model_pusher.py^;__del__()^;>>>>>>>>>>>>>>>>>>>>>>>>>>>>>>>>>>>>>>>>Model Pusher log completed.<<<<<<<<<<<<<<<<<<<<<<<<<<<<<<<<<<<<<<<< 
[2022-07-15 19:30:23,567]^;INFO^;150^;pipeline.py^;run_pipeline()^;Model pusher artifact: ModelPusherArtifact(is_model_pusher=True, export_model_file_path='/Users/abhisheknagpal/Documents/My_Projects/ml_project/saved_models/20220715193023/model.pkl')
[2022-07-15 19:30:23,567]^;INFO^;153^;pipeline.py^;run_pipeline()^;Pipeline completed.
[2022-07-15 19:30:23,567]^;INFO^;168^;pipeline.py^;run_pipeline()^;Pipeline experiment: Experiment(experiment_id='84105e04-3b2a-48f5-b8e1-c3879f49ccb3', initialization_timestamp='2022-07-15-19-29-42', artifact_time_stamp='2022-07-15-19-29-42', running_status=False, start_time=datetime.datetime(2022, 7, 15, 19, 29, 42, 246132), stop_time=datetime.datetime(2022, 7, 15, 19, 30, 23, 567124), execution_time=datetime.timedelta(seconds=41, microseconds=320992), message='Pipeline has been completed.', experiment_file_path='/Users/abhisheknagpal/Documents/My_Projects/ml_project/housing/artifact/experiment/experiment.csv', accuracy=0.6522812381877459, is_model_accepted=True)
