[2022-07-11 20:22:15,009]^;INFO^;224^;_internal.py^;_log()^; * Running on http://127.0.0.1:5000 (Press CTRL+C to quit)
[2022-07-11 20:22:19,302]^;INFO^;224^;_internal.py^;_log()^;127.0.0.1 - - [11/Jul/2022 20:22:19] "GET / HTTP/1.1" 200 -
[2022-07-11 20:22:55,276]^;INFO^;225^;configuration.py^;get_training_pipeline_config()^;Training pipleine config: TrainingPipelineConfig(artifact_dir='/Users/abhisheknagpal/Documents/My_Projects/ml_project/housing/artifact')
[2022-07-11 20:22:55,277]^;INFO^;116^;pipeline.py^;run_pipeline()^;Pipeline starting.
[2022-07-11 20:22:55,279]^;INFO^;132^;pipeline.py^;run_pipeline()^;Pipeline experiment: Experiment(experiment_id='03b59cc0-02b0-4474-900e-0afb45cad640', initialization_timestamp='2022-07-11-20-22-55', artifact_time_stamp='2022-07-11-20-22-55', running_status=True, start_time=datetime.datetime(2022, 7, 11, 20, 22, 55, 279627), stop_time=None, execution_time=None, message='Pipeline has been started.', experiment_file_path='/Users/abhisheknagpal/Documents/My_Projects/ml_project/housing/artifact/experiment/experiment.csv', accuracy=None, is_model_accepted=None)
[2022-07-11 20:22:55,298]^;INFO^;224^;_internal.py^;_log()^;127.0.0.1 - - [11/Jul/2022 20:22:55] "GET /train HTTP/1.1" 200 -
[2022-07-11 20:22:55,303]^;INFO^;64^;configuration.py^;get_data_ingestion_config()^;Data Ingestion config: DataIngestionConfig(dataset_download_url='https://raw.githubusercontent.com/ageron/handson-ml/master/datasets/housing/housing.tgz', tgz_download_dir='/Users/abhisheknagpal/Documents/My_Projects/ml_project/housing/artifact/data_ingestion/2022-07-11-20-22-55/tgz_data', raw_data_dir='/Users/abhisheknagpal/Documents/My_Projects/ml_project/housing/artifact/data_ingestion/2022-07-11-20-22-55/raw_data', ingested_train_dir='/Users/abhisheknagpal/Documents/My_Projects/ml_project/housing/artifact/data_ingestion/2022-07-11-20-22-55/ingested_data/train', ingested_test_dir='/Users/abhisheknagpal/Documents/My_Projects/ml_project/housing/artifact/data_ingestion/2022-07-11-20-22-55/ingested_data/test')
[2022-07-11 20:22:55,304]^;INFO^;16^;data_ingestion.py^;__init__()^;>>>>>>>>>>>>>>>>>>>>>>>>>>>>>>>>>>>>>>>>Data Ingestion log started.<<<<<<<<<<<<<<<<<<<<<<<<<<<<<<<<<<<<<<<< 
[2022-07-11 20:22:55,304]^;INFO^;37^;data_ingestion.py^;download_housing_data()^;Downloading file from :[https://raw.githubusercontent.com/ageron/handson-ml/master/datasets/housing/housing.tgz] into :[/Users/abhisheknagpal/Documents/My_Projects/ml_project/housing/artifact/data_ingestion/2022-07-11-20-22-55/tgz_data/housing.tgz]
[2022-07-11 20:22:55,721]^;INFO^;39^;data_ingestion.py^;download_housing_data()^;File :[/Users/abhisheknagpal/Documents/My_Projects/ml_project/housing/artifact/data_ingestion/2022-07-11-20-22-55/tgz_data/housing.tgz] has been downloaded successfully.
[2022-07-11 20:22:55,722]^;INFO^;54^;data_ingestion.py^;extract_tgz_file()^;Extracting tgz file: [/Users/abhisheknagpal/Documents/My_Projects/ml_project/housing/artifact/data_ingestion/2022-07-11-20-22-55/tgz_data/housing.tgz] into dir: [/Users/abhisheknagpal/Documents/My_Projects/ml_project/housing/artifact/data_ingestion/2022-07-11-20-22-55/raw_data]
[2022-07-11 20:22:55,733]^;INFO^;57^;data_ingestion.py^;extract_tgz_file()^;Extraction completed
[2022-07-11 20:22:55,733]^;INFO^;71^;data_ingestion.py^;split_data_as_train_test()^;Reading csv file: [/Users/abhisheknagpal/Documents/My_Projects/ml_project/housing/artifact/data_ingestion/2022-07-11-20-22-55/raw_data/housing.csv]
[2022-07-11 20:22:55,759]^;INFO^;81^;data_ingestion.py^;split_data_as_train_test()^;Splitting data into train and test
[2022-07-11 20:22:55,770]^;INFO^;99^;data_ingestion.py^;split_data_as_train_test()^;Exporting training datset to file: [/Users/abhisheknagpal/Documents/My_Projects/ml_project/housing/artifact/data_ingestion/2022-07-11-20-22-55/ingested_data/train/housing.csv]
[2022-07-11 20:22:55,916]^;INFO^;104^;data_ingestion.py^;split_data_as_train_test()^;Exporting test dataset to file: [/Users/abhisheknagpal/Documents/My_Projects/ml_project/housing/artifact/data_ingestion/2022-07-11-20-22-55/ingested_data/test/housing.csv]
[2022-07-11 20:22:55,952]^;INFO^;113^;data_ingestion.py^;split_data_as_train_test()^;Data Ingestion artifact:[DataIngestionArtifact(train_file_path='/Users/abhisheknagpal/Documents/My_Projects/ml_project/housing/artifact/data_ingestion/2022-07-11-20-22-55/ingested_data/train/housing.csv', test_file_path='/Users/abhisheknagpal/Documents/My_Projects/ml_project/housing/artifact/data_ingestion/2022-07-11-20-22-55/ingested_data/test/housing.csv', is_ingested=True, message='Data ingestion completed successfully.')]
[2022-07-11 20:22:55,952]^;INFO^;130^;data_ingestion.py^;__del__()^;>>>>>>>>>>>>>>>>>>>>>>>>>>>>>>>>>>>>>>>>Data Ingestion log completed.<<<<<<<<<<<<<<<<<<<<<<<<<<<<<<<<<<<<<<<< 


[2022-07-11 20:22:55,953]^;INFO^;19^;data_validation.py^;__init__()^;>>>>>>>>>>>>>>>>>>>>>>>>>>>>>>>>>>>>>>>>>>>>>>>>>>>>>>>>>>>>Data Valdaition log started.<<<<<<<<<<<<<<<<<<<<<<<<<<<<<<<<<<<<<<<<<<<<<<<<<<<<<<<<<<<< 


[2022-07-11 20:22:55,953]^;INFO^;37^;data_validation.py^;is_train_test_file_exists()^;Checking if training and test file is available
[2022-07-11 20:22:55,953]^;INFO^;49^;data_validation.py^;is_train_test_file_exists()^;Is train and test file exists?-> True
[2022-07-11 20:22:56,615]^;INFO^;138^;data_validation.py^;initiate_data_validation()^;Data validation artifact: DataValidationArtifact(schema_file_path='/Users/abhisheknagpal/Documents/My_Projects/ml_project/config/schema.yaml', report_file_path='/Users/abhisheknagpal/Documents/My_Projects/ml_project/housing/artifact/data_validation/2022-07-11-20-22-55/report.json', report_page_file_path='/Users/abhisheknagpal/Documents/My_Projects/ml_project/housing/artifact/data_validation/2022-07-11-20-22-55/report.html', is_validated=True, message='Data Validation performed successully.')
[2022-07-11 20:22:56,615]^;INFO^;145^;data_validation.py^;__del__()^;>>>>>>>>>>>>>>>>>>>>>>>>>>>>>>>>>>>>>>>>>>>>>>>>>>>>>>>>>>>>Data Valdaition log completed.<<<<<<<<<<<<<<<<<<<<<<<<<<<<<<<<<<<<<<<<<<<<<<<<<<<<<<<<<<<< 


[2022-07-11 20:22:56,615]^;INFO^;148^;configuration.py^;get_data_transformation_config()^;Data transformation config: DataTransformationConfig(add_bedroom_per_room=True, transformed_train_dir='/Users/abhisheknagpal/Documents/My_Projects/ml_project/housing/artifact/data_transformation/2022-07-11-20-22-55/transformed_data/train', transformed_test_dir='/Users/abhisheknagpal/Documents/My_Projects/ml_project/housing/artifact/data_transformation/2022-07-11-20-22-55/transformed_data/test', preprocessed_object_file_path='/Users/abhisheknagpal/Documents/My_Projects/ml_project/housing/artifact/data_transformation/2022-07-11-20-22-55/preprocessed/preprocessed.pkl')
[2022-07-11 20:22:56,615]^;INFO^;97^;data_transformation.py^;__init__()^;>>>>>>>>>>>>>>>>>>>>>>>>>>>>>>>>>>>>>>>>>>>>>>>>>>>>>>>>>>>>Data Transformation log started.<<<<<<<<<<<<<<<<<<<<<<<<<<<<<<<<<<<<<<<<<<<<<<<<<<<<<<<<<<<< 
[2022-07-11 20:22:56,615]^;INFO^;150^;data_transformation.py^;initiate_data_transformation()^;Obtaining preprocessing object.
[2022-07-11 20:22:56,618]^;INFO^;134^;data_transformation.py^;get_data_transformer_object()^;Categorical columns: ['ocean_proximity']
[2022-07-11 20:22:56,618]^;INFO^;135^;data_transformation.py^;get_data_transformer_object()^;Numerical columns: ['longitude', 'latitude', 'housing_median_age', 'total_rooms', 'total_bedrooms', 'population', 'households', 'median_income']
[2022-07-11 20:22:56,618]^;INFO^;154^;data_transformation.py^;initiate_data_transformation()^;Obtaining training and test file path.
[2022-07-11 20:22:56,618]^;INFO^;161^;data_transformation.py^;initiate_data_transformation()^;Loading training and test data as pandas dataframe.
[2022-07-11 20:22:56,641]^;INFO^;171^;data_transformation.py^;initiate_data_transformation()^;Splitting input and target feature from training and testing dataframe.
[2022-07-11 20:22:56,642]^;INFO^;179^;data_transformation.py^;initiate_data_transformation()^;Applying preprocessing object on training dataframe and testing dataframe
[2022-07-11 20:22:56,670]^;INFO^;197^;data_transformation.py^;initiate_data_transformation()^;Saving transformed training and testing array.
[2022-07-11 20:22:56,675]^;INFO^;204^;data_transformation.py^;initiate_data_transformation()^;Saving preprocessing object.
[2022-07-11 20:22:56,677]^;INFO^;214^;data_transformation.py^;initiate_data_transformation()^;Data transformationa artifact: DataTransformationArtifact(is_transformed=True, message='Data transformation successfull.', transformed_train_file_path='/Users/abhisheknagpal/Documents/My_Projects/ml_project/housing/artifact/data_transformation/2022-07-11-20-22-55/transformed_data/train/housing.npz', transformed_test_file_path='/Users/abhisheknagpal/Documents/My_Projects/ml_project/housing/artifact/data_transformation/2022-07-11-20-22-55/transformed_data/test/housing.npz', preprocessed_object_file_path='/Users/abhisheknagpal/Documents/My_Projects/ml_project/housing/artifact/data_transformation/2022-07-11-20-22-55/preprocessed/preprocessed.pkl')
[2022-07-11 20:22:56,677]^;INFO^;220^;data_transformation.py^;__del__()^;>>>>>>>>>>>>>>>>>>>>>>>>>>>>>>>>>>>>>>>>>>>>>>>>>>>>>>>>>>>>Data Transformation log completed.<<<<<<<<<<<<<<<<<<<<<<<<<<<<<<<<<<<<<<<<<<<<<<<<<<<<<<<<<<<< 


[2022-07-11 20:22:56,677]^;INFO^;179^;configuration.py^;get_model_trainer_config()^;Model trainer config: ModelTrainerConfig(trained_model_file_path='/Users/abhisheknagpal/Documents/My_Projects/ml_project/housing/artifact/model_trainer/2022-07-11-20-22-55/trained_model/model.pkl', base_accuracy=0.6, model_config_file_path='config/model.yaml')
[2022-07-11 20:22:56,677]^;INFO^;45^;model_trainer.py^;__init__()^;>>>>>>>>>>>>>>>>>>>>>>>>>>>>>>>>>>>>>>>>>>>>>>>>>>>>>>>>>>>>Model trainer log started.<<<<<<<<<<<<<<<<<<<<<<<<<<<<<<<<<<<<<<<<<<<<<<<<<<<<<<<<<<<< 
[2022-07-11 20:22:56,677]^;INFO^;53^;model_trainer.py^;initiate_model_trainer()^;Loading transformed training dataset
[2022-07-11 20:22:56,680]^;INFO^;57^;model_trainer.py^;initiate_model_trainer()^;Loading transformed testing dataset
[2022-07-11 20:22:56,681]^;INFO^;61^;model_trainer.py^;initiate_model_trainer()^;Splitting training and testing input and target feature
[2022-07-11 20:22:56,681]^;INFO^;65^;model_trainer.py^;initiate_model_trainer()^;Extracting model config file path
[2022-07-11 20:22:56,681]^;INFO^;68^;model_trainer.py^;initiate_model_trainer()^;Initializing model factory class using above model config file: config/model.yaml
[2022-07-11 20:22:56,683]^;INFO^;73^;model_trainer.py^;initiate_model_trainer()^;Expected accuracy: 0.6
[2022-07-11 20:22:56,683]^;INFO^;75^;model_trainer.py^;initiate_model_trainer()^;Initiating operation model selecttion
[2022-07-11 20:22:56,683]^;INFO^;358^;model_factory.py^;get_best_model()^;Started Initializing model from config file
[2022-07-11 20:22:56,683]^;INFO^;203^;model_factory.py^;class_for_name()^;Executing command: from <module 'sklearn.linear_model' from '/Users/abhisheknagpal/Documents/My_Projects/ml_project/venv/lib/python3.7/site-packages/sklearn/linear_model/__init__.py'> import LinearRegression
[2022-07-11 20:22:56,684]^;INFO^;182^;model_factory.py^;update_property_of_class()^;Executing:$ LinearRegression().fit_intercept=True
[2022-07-11 20:22:59,150]^;INFO^;203^;model_factory.py^;class_for_name()^;Executing command: from <module 'sklearn.ensemble' from '/Users/abhisheknagpal/Documents/My_Projects/ml_project/venv/lib/python3.7/site-packages/sklearn/ensemble/__init__.py'> import RandomForestRegressor
[2022-07-11 20:22:59,151]^;INFO^;182^;model_factory.py^;update_property_of_class()^;Executing:$ RandomForestRegressor().min_samples_leaf=3
[2022-07-11 20:22:59,151]^;INFO^;360^;model_factory.py^;get_best_model()^;Initialized model: [InitializedModelDetail(model_serial_number='module_0', model=LinearRegression(), param_grid_search={'fit_intercept': [True, False]}, model_name='sklearn.linear_model.LinearRegression'), InitializedModelDetail(model_serial_number='module_1', model=RandomForestRegressor(min_samples_leaf=3), param_grid_search={'min_samples_leaf': [6]}, model_name='sklearn.ensemble.RandomForestRegressor')]
[2022-07-11 20:22:59,151]^;INFO^;203^;model_factory.py^;class_for_name()^;Executing command: from <module 'sklearn.model_selection' from '/Users/abhisheknagpal/Documents/My_Projects/ml_project/venv/lib/python3.7/site-packages/sklearn/model_selection/__init__.py'> import GridSearchCV
[2022-07-11 20:22:59,151]^;INFO^;182^;model_factory.py^;update_property_of_class()^;Executing:$ GridSearchCV(estimator=LinearRegression(),
             param_grid={'fit_intercept': [True, False]}).cv=5
[2022-07-11 20:22:59,152]^;INFO^;182^;model_factory.py^;update_property_of_class()^;Executing:$ GridSearchCV(cv=5, estimator=LinearRegression(),
             param_grid={'fit_intercept': [True, False]}).verbose=2
[2022-07-11 20:22:59,152]^;INFO^;236^;model_factory.py^;execute_grid_search_operation()^;>>>>>>>>>>>>>>>>>>>>>>>>>>>>>>>>>>>>>>>>>>>>>>>>>>>>>>>>>>>> f"Training LinearRegression Started." <<<<<<<<<<<<<<<<<<<<<<<<<<<<<<<<<<<<<<<<<<<<<<<<<<<<<<<<<<<<
[2022-07-11 20:22:59,458]^;INFO^;203^;model_factory.py^;class_for_name()^;Executing command: from <module 'sklearn.model_selection' from '/Users/abhisheknagpal/Documents/My_Projects/ml_project/venv/lib/python3.7/site-packages/sklearn/model_selection/__init__.py'> import GridSearchCV
[2022-07-11 20:22:59,458]^;INFO^;182^;model_factory.py^;update_property_of_class()^;Executing:$ GridSearchCV(estimator=RandomForestRegressor(min_samples_leaf=3),
             param_grid={'min_samples_leaf': [6]}).cv=5
[2022-07-11 20:22:59,459]^;INFO^;182^;model_factory.py^;update_property_of_class()^;Executing:$ GridSearchCV(cv=5, estimator=RandomForestRegressor(min_samples_leaf=3),
             param_grid={'min_samples_leaf': [6]}).verbose=2
[2022-07-11 20:22:59,459]^;INFO^;236^;model_factory.py^;execute_grid_search_operation()^;>>>>>>>>>>>>>>>>>>>>>>>>>>>>>>>>>>>>>>>>>>>>>>>>>>>>>>>>>>>> f"Training RandomForestRegressor Started." <<<<<<<<<<<<<<<<<<<<<<<<<<<<<<<<<<<<<<<<<<<<<<<<<<<<<<<<<<<<
[2022-07-11 20:23:39,067]^;INFO^;345^;model_factory.py^;get_best_model_from_grid_searched_best_model_list()^;Acceptable model found:GridSearchedBestModel(model_serial_number='module_0', model=LinearRegression(), best_model=LinearRegression(fit_intercept=False), best_parameters={'fit_intercept': False}, best_score=0.6425567028055793)
[2022-07-11 20:23:39,068]^;INFO^;345^;model_factory.py^;get_best_model_from_grid_searched_best_model_list()^;Acceptable model found:GridSearchedBestModel(model_serial_number='module_1', model=RandomForestRegressor(min_samples_leaf=3), best_model=RandomForestRegressor(min_samples_leaf=6), best_parameters={'min_samples_leaf': 6}, best_score=0.8046065142266914)
[2022-07-11 20:23:39,068]^;INFO^;351^;model_factory.py^;get_best_model_from_grid_searched_best_model_list()^;Best model: GridSearchedBestModel(model_serial_number='module_1', model=RandomForestRegressor(min_samples_leaf=3), best_model=RandomForestRegressor(min_samples_leaf=6), best_parameters={'min_samples_leaf': 6}, best_score=0.8046065142266914)
[2022-07-11 20:23:39,069]^;INFO^;78^;model_trainer.py^;initiate_model_trainer()^;Best model found on training dataset: GridSearchedBestModel(model_serial_number='module_1', model=RandomForestRegressor(min_samples_leaf=3), best_model=RandomForestRegressor(min_samples_leaf=6), best_parameters={'min_samples_leaf': 6}, best_score=0.8046065142266914)
[2022-07-11 20:23:39,069]^;INFO^;80^;model_trainer.py^;initiate_model_trainer()^;Extracting trained model list.
[2022-07-11 20:23:39,069]^;INFO^;84^;model_trainer.py^;initiate_model_trainer()^;Evaluation all trained model on training and testing dataset both
[2022-07-11 20:23:39,069]^;INFO^;71^;model_factory.py^;evaluate_regression_model()^;>>>>>>>>>>>>>>>>>>>>>>>>>>>>>>>>>>>>>>>>>>>>>>>>>>>>>>>>>>>>Started evaluating model: [LinearRegression] <<<<<<<<<<<<<<<<<<<<<<<<<<<<<<<<<<<<<<<<<<<<<<<<<<<<<<<<<<<<
[2022-07-11 20:23:39,070]^;INFO^;90^;model_factory.py^;evaluate_regression_model()^;>>>>>>>>>>>>>>>>>>>>>>>>>>>>>>>>>>>>>>>>>>>>>>>>>>>>>>>>>>>> Score <<<<<<<<<<<<<<<<<<<<<<<<<<<<<<<<<<<<<<<<<<<<<<<<<<<<<<<<<<<<
[2022-07-11 20:23:39,070]^;INFO^;91^;model_factory.py^;evaluate_regression_model()^;Train Score		 Test Score		 Average Score
[2022-07-11 20:23:39,070]^;INFO^;92^;model_factory.py^;evaluate_regression_model()^;0.6481553634454353		 0.656459976479592		0.6522812381877459
[2022-07-11 20:23:39,070]^;INFO^;94^;model_factory.py^;evaluate_regression_model()^;>>>>>>>>>>>>>>>>>>>>>>>>>>>>>>>>>>>>>>>>>>>>>>>>>>>>>>>>>>>> Loss <<<<<<<<<<<<<<<<<<<<<<<<<<<<<<<<<<<<<<<<<<<<<<<<<<<<<<<<<<<<
[2022-07-11 20:23:39,070]^;INFO^;95^;model_factory.py^;evaluate_regression_model()^;Diff test train accuracy: [0.008304613034156638].
[2022-07-11 20:23:39,070]^;INFO^;96^;model_factory.py^;evaluate_regression_model()^;Train root mean squared error: [68627.87390018745].
[2022-07-11 20:23:39,070]^;INFO^;97^;model_factory.py^;evaluate_regression_model()^;Test root mean squared error: [66913.4419132093].
[2022-07-11 20:23:39,071]^;INFO^;113^;model_factory.py^;evaluate_regression_model()^;Acceptable model found MetricInfoArtifact(model_name='LinearRegression(fit_intercept=False)', model_object=LinearRegression(fit_intercept=False), train_rmse=68627.87390018745, test_rmse=66913.4419132093, train_accuracy=0.6481553634454353, test_accuracy=0.656459976479592, model_accuracy=0.6522812381877459, index_number=0). 
[2022-07-11 20:23:39,071]^;INFO^;71^;model_factory.py^;evaluate_regression_model()^;>>>>>>>>>>>>>>>>>>>>>>>>>>>>>>>>>>>>>>>>>>>>>>>>>>>>>>>>>>>>Started evaluating model: [RandomForestRegressor] <<<<<<<<<<<<<<<<<<<<<<<<<<<<<<<<<<<<<<<<<<<<<<<<<<<<<<<<<<<<
[2022-07-11 20:23:39,285]^;INFO^;90^;model_factory.py^;evaluate_regression_model()^;>>>>>>>>>>>>>>>>>>>>>>>>>>>>>>>>>>>>>>>>>>>>>>>>>>>>>>>>>>>> Score <<<<<<<<<<<<<<<<<<<<<<<<<<<<<<<<<<<<<<<<<<<<<<<<<<<<<<<<<<<<
[2022-07-11 20:23:39,285]^;INFO^;91^;model_factory.py^;evaluate_regression_model()^;Train Score		 Test Score		 Average Score
[2022-07-11 20:23:39,285]^;INFO^;92^;model_factory.py^;evaluate_regression_model()^;0.9038783967512114		 0.8194553769106543		0.8595990209340514
[2022-07-11 20:23:39,285]^;INFO^;94^;model_factory.py^;evaluate_regression_model()^;>>>>>>>>>>>>>>>>>>>>>>>>>>>>>>>>>>>>>>>>>>>>>>>>>>>>>>>>>>>> Loss <<<<<<<<<<<<<<<<<<<<<<<<<<<<<<<<<<<<<<<<<<<<<<<<<<<<<<<<<<<<
[2022-07-11 20:23:39,285]^;INFO^;95^;model_factory.py^;evaluate_regression_model()^;Diff test train accuracy: [0.08442301984055711].
[2022-07-11 20:23:39,285]^;INFO^;96^;model_factory.py^;evaluate_regression_model()^;Train root mean squared error: [35870.34717161537].
[2022-07-11 20:23:39,285]^;INFO^;97^;model_factory.py^;evaluate_regression_model()^;Test root mean squared error: [48508.40320281121].
[2022-07-11 20:23:39,285]^;INFO^;87^;model_trainer.py^;initiate_model_trainer()^;Best found model on both training and testing dataset.
[2022-07-11 20:23:39,286]^;INFO^;95^;model_trainer.py^;initiate_model_trainer()^;Saving model at path: /Users/abhisheknagpal/Documents/My_Projects/ml_project/housing/artifact/model_trainer/2022-07-11-20-22-55/trained_model/model.pkl
[2022-07-11 20:23:39,288]^;INFO^;109^;model_trainer.py^;initiate_model_trainer()^;Model Trainer Artifact: ModelTrainerArtifact(is_trained=True, message='Model Trained successfully', trained_model_file_path='/Users/abhisheknagpal/Documents/My_Projects/ml_project/housing/artifact/model_trainer/2022-07-11-20-22-55/trained_model/model.pkl', train_rmse=68627.87390018745, test_rmse=66913.4419132093, train_accuracy=0.6481553634454353, test_accuracy=0.656459976479592, model_accuracy=0.6522812381877459)
[2022-07-11 20:23:39,288]^;INFO^;115^;model_trainer.py^;__del__()^;>>>>>>>>>>>>>>>>>>>>>>>>>>>>>>>>>>>>>>>>>>>>>>>>>>>>>>>>>>>>Model trainer log completed.<<<<<<<<<<<<<<<<<<<<<<<<<<<<<<<<<<<<<<<<<<<<<<<<<<<<<<<<<<<< 
[2022-07-11 20:23:39,288]^;INFO^;196^;configuration.py^;get_model_evaluation_config()^;Model Evaluation Config: ModelEvaluationConfig(model_evaluation_file_path='/Users/abhisheknagpal/Documents/My_Projects/ml_project/housing/artifact/model_evaluation/model_evaluation.yaml', time_stamp='2022-07-11-20-22-55').
[2022-07-11 20:23:39,288]^;INFO^;22^;model_evaluation.py^;__init__()^;>>>>>>>>>>>>>>>>>>>>>>>>>>>>>>>>>>>>>>>>>>>>>>>>>>>>>>>>>>>>Model Evaluation log started.<<<<<<<<<<<<<<<<<<<<<<<<<<<<<<<<<<<<<<<<<<<<<<<<<<<<<<<<<<<< 
[2022-07-11 20:23:39,312]^;INFO^;104^;model_evaluation.py^;initiate_model_evaluation()^;Converting target column into numpy array.
[2022-07-11 20:23:39,312]^;INFO^;107^;model_evaluation.py^;initiate_model_evaluation()^;Conversion completed target column into numpy array.
[2022-07-11 20:23:39,312]^;INFO^;110^;model_evaluation.py^;initiate_model_evaluation()^;Dropping target column from the dataframe.
[2022-07-11 20:23:39,313]^;INFO^;113^;model_evaluation.py^;initiate_model_evaluation()^;Dropping target column from the dataframe completed.
[2022-07-11 20:23:39,313]^;INFO^;118^;model_evaluation.py^;initiate_model_evaluation()^;Not found any existing model. Hence accepting trained model
[2022-07-11 20:23:39,313]^;INFO^;62^;model_evaluation.py^;update_evaluation_report()^;Previous eval result: {}
[2022-07-11 20:23:39,313]^;INFO^;78^;model_evaluation.py^;update_evaluation_report()^;Updated eval result:{'best_model': {'model_path': '/Users/abhisheknagpal/Documents/My_Projects/ml_project/housing/artifact/model_trainer/2022-07-11-20-22-55/trained_model/model.pkl'}}
[2022-07-11 20:23:39,313]^;INFO^;122^;model_evaluation.py^;initiate_model_evaluation()^;Model accepted. Model eval artifact ModelEvaluationArtifact(is_model_accepted=True, evaluated_model_path='/Users/abhisheknagpal/Documents/My_Projects/ml_project/housing/artifact/model_trainer/2022-07-11-20-22-55/trained_model/model.pkl') created
[2022-07-11 20:23:39,314]^;INFO^;158^;model_evaluation.py^;__del__()^;====================Model Evaluation log completed.==================== 
[2022-07-11 20:23:39,314]^;INFO^;210^;configuration.py^;get_model_pusher_config()^;Model pusher config ModelPusherConfig(export_dir_path='/Users/abhisheknagpal/Documents/My_Projects/ml_project/saved_models/20220711202339')
[2022-07-11 20:23:39,314]^;INFO^;15^;model_pusher.py^;__init__()^;>>>>>>>>>>>>>>>>>>>>>>>>>>>>>>>>>>>>>>>>>>>>>>>>>>>>>>>>>>>>Model Pusher log started.<<<<<<<<<<<<<<<<<<<<<<<<<<<<<<<<<<<<<<<<<<<<<<<<<<<<<<<<<<<< 
[2022-07-11 20:23:39,314]^;INFO^;28^;model_pusher.py^;export_model()^;Exporting model file: [/Users/abhisheknagpal/Documents/My_Projects/ml_project/saved_models/20220711202339/model.pkl]
[2022-07-11 20:23:39,314]^;INFO^;34^;model_pusher.py^;export_model()^;Trained model: /Users/abhisheknagpal/Documents/My_Projects/ml_project/housing/artifact/model_trainer/2022-07-11-20-22-55/trained_model/model.pkl is copied in export dir:[/Users/abhisheknagpal/Documents/My_Projects/ml_project/saved_models/20220711202339/model.pkl]
[2022-07-11 20:23:39,314]^;INFO^;39^;model_pusher.py^;export_model()^;Model pusher artifact: [ModelPusherArtifact(is_model_pusher=True, export_model_file_path='/Users/abhisheknagpal/Documents/My_Projects/ml_project/saved_models/20220711202339/model.pkl')]
[2022-07-11 20:23:39,314]^;INFO^;51^;model_pusher.py^;__del__()^;>>>>>>>>>>>>>>>>>>>>>>>>>>>>>>>>>>>>>>>>Model Pusher log completed.<<<<<<<<<<<<<<<<<<<<<<<<<<<<<<<<<<<<<<<< 
[2022-07-11 20:23:39,314]^;INFO^;150^;pipeline.py^;run_pipeline()^;Model pusher artifact: ModelPusherArtifact(is_model_pusher=True, export_model_file_path='/Users/abhisheknagpal/Documents/My_Projects/ml_project/saved_models/20220711202339/model.pkl')
[2022-07-11 20:23:39,314]^;INFO^;153^;pipeline.py^;run_pipeline()^;Pipeline completed.
[2022-07-11 20:23:39,314]^;INFO^;168^;pipeline.py^;run_pipeline()^;Pipeline experiment: Experiment(experiment_id='03b59cc0-02b0-4474-900e-0afb45cad640', initialization_timestamp='2022-07-11-20-22-55', artifact_time_stamp='2022-07-11-20-22-55', running_status=False, start_time=datetime.datetime(2022, 7, 11, 20, 22, 55, 279627), stop_time=datetime.datetime(2022, 7, 11, 20, 23, 39, 314524), execution_time=datetime.timedelta(seconds=44, microseconds=34897), message='Pipeline has been completed.', experiment_file_path='/Users/abhisheknagpal/Documents/My_Projects/ml_project/housing/artifact/experiment/experiment.csv', accuracy=0.6522812381877459, is_model_accepted=True)
[2022-07-11 20:23:50,563]^;INFO^;224^;_internal.py^;_log()^;127.0.0.1 - - [11/Jul/2022 20:23:50] "GET /predict HTTP/1.1" 200 -
[2022-07-11 20:24:07,371]^;INFO^;224^;_internal.py^;_log()^;127.0.0.1 - - [11/Jul/2022 20:24:07] "POST /predict HTTP/1.1" 200 -
